<?xml version="1.0" encoding="UTF-8"?>
<coverage generated="1785937860833" clover="3.2.0">
  <project timestamp="1785937860833" name="All files">
    <metrics statements="374" coveredstatements="348" conditionals="191" coveredconditionals="163" methods="69" coveredmethods="60" elements="634" coveredelements="571" complexity="0" loc="374" ncloc="374" packages="1" files="4" classes="4"/>
    <file name="ad-session-policy.ts" path="/Users/sashanesterchuk/prawko/mobile/src/features/ads/ad-session-policy.ts">
      <metrics statements="55" coveredstatements="55" conditionals="37" coveredconditionals="35" methods="12" coveredmethods="12"/>
      <line num="28" count="1" type="stmt"/>
      <line num="29" count="1" type="stmt"/>
      <line num="30" count="1" type="stmt"/>
      <line num="33" count="15" type="stmt"/>
      <line num="35" count="15" type="stmt"/>
      <line num="45" count="46" type="stmt"/>
      <line num="46" count="46" type="stmt"/>
      <line num="48" count="46" type="cond" truecount="2" falsecount="0"/>
      <line num="49" count="1" type="stmt"/>
      <line num="50" count="1" type="stmt"/>
      <line num="53" count="45" type="stmt"/>
      <line num="60" count="24" type="stmt"/>
      <line num="61" count="24" type="stmt"/>
      <line num="68" count="16" type="stmt"/>
      <line num="70" count="16" type="stmt"/>
      <line num="80" count="2" type="stmt"/>
      <line num="84" count="1" type="stmt"/>
      <line num="88" count="2" type="stmt"/>
      <line num="93" count="1" type="stmt"/>
      <line num="96" count="1" type="stmt"/>
      <line num="99" count="1" type="stmt"/>
      <line num="103" count="3" type="stmt"/>
      <line num="108" count="12" type="stmt"/>
      <line num="109" count="12" type="stmt"/>
      <line num="110" count="12" type="stmt"/>
      <line num="111" count="12" type="stmt"/>
      <line num="123" count="23" type="cond" truecount="2" falsecount="0"/>
      <line num="124" count="1" type="stmt"/>
      <line num="127" count="22" type="cond" truecount="2" falsecount="0"/>
      <line num="128" count="1" type="stmt"/>
      <line num="131" count="21" type="cond" truecount="2" falsecount="0"/>
      <line num="132" count="1" type="stmt"/>
      <line num="135" count="20" type="stmt"/>
      <line num="137" count="20" type="cond" truecount="2" falsecount="0"/>
      <line num="138" count="1" type="stmt"/>
      <line num="141" count="19" type="cond" truecount="2" falsecount="0"/>
      <line num="142" count="2" type="stmt"/>
      <line num="145" count="17" type="cond" truecount="4" falsecount="0"/>
      <line num="146" count="4" type="stmt"/>
      <line num="148" count="4" type="cond" truecount="2" falsecount="0"/>
      <line num="149" count="2" type="stmt"/>
      <line num="153" count="15" type="cond" truecount="2" falsecount="0"/>
      <line num="154" count="4" type="cond" truecount="2" falsecount="0"/>
      <line num="158" count="3" type="stmt"/>
      <line num="162" count="12" type="cond" truecount="2" falsecount="0"/>
      <line num="163" count="3" type="cond" truecount="1" falsecount="1"/>
      <line num="165" count="3" type="cond" truecount="2" falsecount="0"/>
      <line num="169" count="2" type="stmt"/>
      <line num="173" count="10" type="cond" truecount="2" falsecount="0"/>
      <line num="174" count="4" type="cond" truecount="2" falsecount="0"/>
      <line num="175" count="2" type="stmt"/>
      <line num="178" count="2" type="stmt"/>
      <line num="180" count="2" type="cond" truecount="2" falsecount="0"/>
      <line num="181" count="1" type="stmt"/>
      <line num="185" count="7" type="stmt"/>
    </file>
    <file name="admob-config.ts" path="/Users/sashanesterchuk/prawko/mobile/src/features/ads/admob-config.ts">
      <metrics statements="14" coveredstatements="14" conditionals="14" coveredconditionals="13" methods="3" coveredmethods="3"/>
      <line num="15" count="2" type="stmt"/>
      <line num="19" count="3" type="cond" truecount="2" falsecount="0"/>
      <line num="20" count="1" type="stmt"/>
      <line num="23" count="2" type="cond" truecount="2" falsecount="0"/>
      <line num="24" count="1" type="stmt"/>
      <line num="27" count="1" type="stmt"/>
      <line num="33" count="4" type="cond" truecount="2" falsecount="0"/>
      <line num="37" count="4" type="cond" truecount="2" falsecount="0"/>
      <line num="38" count="1" type="cond" truecount="1" falsecount="1"/>
      <line num="41" count="3" type="cond" truecount="2" falsecount="0"/>
      <line num="42" count="1" type="stmt"/>
      <line num="45" count="2" type="cond" truecount="2" falsecount="0"/>
      <line num="46" count="1" type="stmt"/>
      <line num="49" count="1" type="stmt"/>
    </file>
    <file name="interstitial-controller.ts" path="/Users/sashanesterchuk/prawko/mobile/src/features/ads/interstitial-controller.ts">
      <metrics statements="188" coveredstatements="177" conditionals="76" coveredconditionals="63" methods="37" coveredmethods="35"/>
      <line num="11" count="1" type="stmt"/>
      <line num="12" count="1" type="stmt"/>
      <line num="13" count="1" type="stmt"/>
      <line num="14" count="1" type="stmt"/>
      <line num="15" count="1" type="stmt"/>
      <line num="16" count="1" type="stmt"/>
      <line num="17" count="1" type="stmt"/>
      <line num="18" count="1" type="stmt"/>
      <line num="21" count="1" type="stmt"/>
      <line num="23" count="1" type="stmt"/>
      <line num="25" count="1" type="stmt"/>
      <line num="26" count="1" type="stmt"/>
      <line num="29" count="13" type="stmt"/>
      <line num="33" count="12" type="stmt"/>
      <line num="37" count="85" type="stmt"/>
      <line num="38" count="85" type="stmt"/>
      <line num="39" count="85" type="stmt"/>
      <line num="40" count="4" type="stmt"/>
      <line num="45" count="90" type="stmt"/>
      <line num="46" count="90" type="stmt"/>
      <line num="48" count="90" type="cond" truecount="2" falsecount="0"/>
      <line num="49" count="12" type="stmt"/>
      <line num="54" count="92" type="cond" truecount="1" falsecount="1"/>
      <line num="55" count="92" type="cond" truecount="2" falsecount="0"/>
      <line num="60" count="87" type="cond" truecount="2" falsecount="0"/>
      <line num="61" count="4" type="stmt"/>
      <line num="62" count="4" type="stmt"/>
      <line num="67" count="27" type="cond" truecount="6" falsecount="0"/>
      <line num="68" count="1" type="stmt"/>
      <line num="71" count="26" type="stmt"/>
      <line num="72" count="26" type="stmt"/>
      <line num="73" count="26" type="stmt"/>
      <line num="81" count="71" type="stmt"/>
      <line num="83" count="71" type="stmt"/>
      <line num="84" count="75" type="stmt"/>
      <line num="85" count="75" type="stmt"/>
      <line num="91" count="71" type="stmt"/>
      <line num="92" count="71" type="stmt"/>
      <line num="93" count="71" type="stmt"/>
      <line num="94" count="71" type="stmt"/>
      <line num="95" count="71" type="stmt"/>
      <line num="96" count="71" type="stmt"/>
      <line num="101" count="37" type="stmt"/>
      <line num="102" count="37" type="stmt"/>
      <line num="106" count="6" type="cond" truecount="4" falsecount="0"/>
      <line num="107" count="1" type="stmt"/>
      <line num="110" count="5" type="stmt"/>
      <line num="111" count="5" type="stmt"/>
      <line num="114" count="5" type="stmt"/>
      <line num="115" count="5" type="stmt"/>
      <line num="116" count="5" type="stmt"/>
      <line num="118" count="0" type="stmt"/>
      <line num="119" count="0" type="stmt"/>
      <line num="124" count="26" type="cond" truecount="2" falsecount="0"/>
      <line num="125" count="1" type="stmt"/>
      <line num="126" count="1" type="stmt"/>
      <line num="129" count="25" type="stmt"/>
      <line num="131" count="25" type="cond" truecount="1" falsecount="1"/>
      <line num="133" count="25" type="cond" truecount="1" falsecount="1"/>
      <line num="134" count="0" type="stmt"/>
      <line num="135" count="0" type="stmt"/>
      <line num="136" count="0" type="stmt"/>
      <line num="139" count="25" type="stmt"/>
      <line num="141" count="25" type="stmt"/>
      <line num="145" count="25" type="stmt"/>
      <line num="147" count="12" type="stmt"/>
      <line num="148" count="12" type="stmt"/>
      <line num="149" count="12" type="stmt"/>
      <line num="153" count="25" type="stmt"/>
      <line num="155" count="2" type="stmt"/>
      <line num="156" count="2" type="stmt"/>
      <line num="157" count="2" type="stmt"/>
      <line num="158" count="2" type="stmt"/>
      <line num="159" count="2" type="stmt"/>
      <line num="162" count="2" type="stmt"/>
      <line num="163" count="2" type="stmt"/>
      <line num="164" count="1" type="stmt"/>
      <line num="169" count="25" type="stmt"/>
      <line num="171" count="2" type="stmt"/>
      <line num="172" count="2" type="stmt"/>
      <line num="173" count="2" type="stmt"/>
      <line num="174" count="2" type="stmt"/>
      <line num="175" count="2" type="stmt"/>
      <line num="176" count="0" type="stmt"/>
      <line num="181" count="25" type="stmt"/>
      <line num="183" count="25" type="stmt"/>
      <line num="187" count="1" type="stmt"/>
      <line num="191" count="4" type="cond" truecount="1" falsecount="1"/>
      <line num="192" count="0" type="stmt"/>
      <line num="195" count="4" type="stmt"/>
      <line num="196" count="4" type="stmt"/>
      <line num="198" count="4" type="stmt"/>
      <line num="199" count="8" type="cond" truecount="2" falsecount="0"/>
      <line num="200" count="4" type="stmt"/>
      <line num="203" count="4" type="stmt"/>
      <line num="204" count="4" type="stmt"/>
      <line num="207" count="4" type="stmt"/>
      <line num="208" count="4" type="stmt"/>
      <line num="219" count="6" type="cond" truecount="2" falsecount="0"/>
      <line num="220" count="6" type="cond" truecount="2" falsecount="0"/>
      <line num="221" count="6" type="stmt"/>
      <line num="226" count="6" type="cond" truecount="2" falsecount="0"/>
      <line num="227" count="1" type="stmt"/>
      <line num="230" count="5" type="stmt"/>
      <line num="232" count="5" type="cond" truecount="2" falsecount="0"/>
      <line num="233" count="3" type="stmt"/>
      <line num="236" count="2" type="stmt"/>
      <line num="237" count="4" type="stmt"/>
      <line num="239" count="4" type="cond" truecount="4" falsecount="0"/>
      <line num="240" count="3" type="stmt"/>
      <line num="242" count="1" type="stmt"/>
      <line num="245" count="4" type="stmt"/>
      <line num="246" count="4" type="cond" truecount="1" falsecount="1"/>
      <line num="247" count="0" type="stmt"/>
      <line num="251" count="2" type="stmt"/>
      <line num="252" count="2" type="stmt"/>
      <line num="257" count="1" type="stmt"/>
      <line num="265" count="10" type="cond" truecount="2" falsecount="0"/>
      <line num="268" count="1" type="stmt"/>
      <line num="269" count="1" type="stmt"/>
      <line num="272" count="9" type="cond" truecount="4" falsecount="0"/>
      <line num="273" count="1" type="stmt"/>
      <line num="274" count="1" type="cond" truecount="2" falsecount="2"/>
      <line num="275" count="1" type="stmt"/>
      <line num="276" count="1" type="stmt"/>
      <line num="280" count="8" type="stmt"/>
      <line num="282" count="8" type="stmt"/>
      <line num="283" count="8" type="stmt"/>
      <line num="284" count="8" type="stmt"/>
      <line num="285" count="8" type="stmt"/>
      <line num="286" count="8" type="stmt"/>
      <line num="287" count="8" type="stmt"/>
      <line num="288" count="8" type="stmt"/>
      <line num="290" count="8" type="stmt"/>
      <line num="291" count="8" type="cond" truecount="2" falsecount="0"/>
      <line num="292" count="4" type="stmt"/>
      <line num="293" count="4" type="stmt"/>
      <line num="295" count="8" type="cond" truecount="2" falsecount="0"/>
      <line num="296" count="4" type="stmt"/>
      <line num="297" count="4" type="stmt"/>
      <line num="299" count="8" type="stmt"/>
      <line num="300" count="8" type="stmt"/>
      <line num="303" count="8" type="stmt"/>
      <line num="304" count="8" type="cond" truecount="1" falsecount="1"/>
      <line num="305" count="0" type="stmt"/>
      <line num="308" count="8" type="stmt"/>
      <line num="309" count="8" type="stmt"/>
      <line num="310" count="8" type="stmt"/>
      <line num="311" count="8" type="stmt"/>
      <line num="312" count="8" type="stmt"/>
      <line num="313" count="8" type="stmt"/>
      <line num="314" count="8" type="cond" truecount="2" falsecount="0"/>
      <line num="321" count="8" type="stmt"/>
      <line num="322" count="8" type="stmt"/>
      <line num="324" count="8" type="stmt"/>
      <line num="327" count="8" type="stmt"/>
      <line num="330" count="4" type="stmt"/>
      <line num="331" count="4" type="stmt"/>
      <line num="332" count="4" type="cond" truecount="1" falsecount="1"/>
      <line num="333" count="4" type="stmt"/>
      <line num="334" count="4" type="stmt"/>
      <line num="336" count="4" type="stmt"/>
      <line num="337" count="1" type="stmt"/>
      <line num="340" count="1" type="stmt"/>
      <line num="345" count="8" type="stmt"/>
      <line num="348" count="2" type="stmt"/>
      <line num="352" count="8" type="stmt"/>
      <line num="355" count="1" type="stmt"/>
      <line num="356" count="1" type="stmt"/>
      <line num="357" count="1" type="stmt"/>
      <line num="363" count="8" type="stmt"/>
      <line num="364" count="2" type="cond" truecount="4" falsecount="1"/>
      <line num="365" count="0" type="stmt"/>
      <line num="368" count="2" type="cond" truecount="2" falsecount="0"/>
      <line num="371" count="2" type="cond" truecount="2" falsecount="0"/>
      <line num="373" count="2" type="stmt"/>
      <line num="374" count="2" type="stmt"/>
      <line num="375" count="2" type="cond" truecount="1" falsecount="1"/>
      <line num="376" count="2" type="stmt"/>
      <line num="381" count="8" type="stmt"/>
      <line num="382" count="1" type="cond" truecount="1" falsecount="1"/>
      <line num="383" count="0" type="stmt"/>
      <line num="386" count="1" type="stmt"/>
      <line num="389" count="1" type="stmt"/>
      <line num="392" count="8" type="stmt"/>
      <line num="393" count="1" type="stmt"/>
      <line num="394" count="1" type="stmt"/>
      <line num="395" count="1" type="stmt"/>
    </file>
    <file name="show-interstitial.ts" path="/Users/sashanesterchuk/prawko/mobile/src/features/ads/show-interstitial.ts">
      <metrics statements="117" coveredstatements="102" conditionals="64" coveredconditionals="52" methods="17" coveredmethods="10"/>
      <line num="24" count="1" type="stmt"/>
      <line num="47" count="37" type="cond" truecount="5" falsecount="1"/>
      <line num="49" count="13" type="stmt"/>
      <line num="51" count="2" type="stmt"/>
      <line num="53" count="14" type="stmt"/>
      <line num="55" count="4" type="stmt"/>
      <line num="57" count="4" type="stmt"/>
      <line num="59" count="0" type="stmt"/>
      <line num="64" count="13" type="stmt"/>
      <line num="69" count="13" type="stmt"/>
      <line num="79" count="11" type="stmt"/>
      <line num="84" count="11" type="stmt"/>
      <line num="91" count="6" type="stmt"/>
      <line num="96" count="6" type="stmt"/>
      <line num="106" count="7" type="stmt"/>
      <line num="111" count="7" type="stmt"/>
      <line num="112" count="7" type="stmt"/>
      <line num="116" count="6" type="stmt"/>
      <line num="117" count="6" type="stmt"/>
      <line num="119" count="6" type="stmt"/>
      <line num="121" count="6" type="cond" truecount="2" falsecount="0"/>
      <line num="123" count="2" type="stmt"/>
      <line num="125" count="2" type="stmt"/>
      <line num="130" count="2" type="cond" truecount="1" falsecount="1"/>
      <line num="131" count="2" type="stmt"/>
      <line num="132" count="2" type="cond" truecount="2" falsecount="0"/>
      <line num="133" count="1" type="stmt"/>
      <line num="134" count="1" type="stmt"/>
      <line num="135" count="1" type="stmt"/>
      <line num="136" count="1" type="stmt"/>
      <line num="140" count="1" type="stmt"/>
      <line num="144" count="1" type="stmt"/>
      <line num="145" count="1" type="stmt"/>
      <line num="148" count="4" type="stmt"/>
      <line num="149" count="4" type="stmt"/>
      <line num="150" count="4" type="stmt"/>
      <line num="151" count="4" type="stmt"/>
      <line num="154" count="4" type="stmt"/>
      <line num="165" count="13" type="stmt"/>
      <line num="167" count="13" type="cond" truecount="2" falsecount="0"/>
      <line num="168" count="13" type="stmt"/>
      <line num="175" count="13" type="cond" truecount="2" falsecount="0"/>
      <line num="176" count="3" type="cond" truecount="4" falsecount="0"/>
      <line num="177" count="2" type="stmt"/>
      <line num="180" count="3" type="stmt"/>
      <line num="183" count="10" type="cond" truecount="2" falsecount="0"/>
      <line num="184" count="1" type="stmt"/>
      <line num="185" count="1" type="stmt"/>
      <line num="188" count="9" type="stmt"/>
      <line num="190" count="9" type="cond" truecount="2" falsecount="0"/>
      <line num="191" count="3" type="cond" truecount="2" falsecount="0"/>
      <line num="192" count="2" type="stmt"/>
      <line num="193" count="2" type="stmt"/>
      <line num="196" count="1" type="stmt"/>
      <line num="197" count="1" type="cond" truecount="1" falsecount="1"/>
      <line num="198" count="1" type="stmt"/>
      <line num="199" count="1" type="stmt"/>
      <line num="203" count="6" type="stmt"/>
      <line num="216" count="8" type="cond" truecount="2" falsecount="0"/>
      <line num="217" count="8" type="stmt"/>
      <line num="219" count="8" type="cond" truecount="2" falsecount="0"/>
      <line num="220" count="8" type="stmt"/>
      <line num="226" count="8" type="cond" truecount="2" falsecount="0"/>
      <line num="227" count="1" type="stmt"/>
      <line num="228" count="1" type="stmt"/>
      <line num="231" count="7" type="cond" truecount="4" falsecount="0"/>
      <line num="232" count="1" type="stmt"/>
      <line num="233" count="1" type="stmt"/>
      <line num="236" count="6" type="cond" truecount="2" falsecount="0"/>
      <line num="237" count="1" type="stmt"/>
      <line num="238" count="1" type="stmt"/>
      <line num="241" count="5" type="cond" truecount="2" falsecount="0"/>
      <line num="242" count="1" type="stmt"/>
      <line num="243" count="1" type="stmt"/>
      <line num="246" count="4" type="stmt"/>
      <line num="248" count="4" type="cond" truecount="2" falsecount="0"/>
      <line num="249" count="2" type="stmt"/>
      <line num="250" count="2" type="cond" truecount="2" falsecount="0"/>
      <line num="251" count="1" type="stmt"/>
      <line num="252" count="1" type="stmt"/>
      <line num="257" count="3" type="stmt"/>
      <line num="258" count="3" type="stmt"/>
      <line num="260" count="3" type="stmt"/>
      <line num="263" count="3" type="cond" truecount="2" falsecount="0"/>
      <line num="264" count="2" type="stmt"/>
      <line num="266" count="2" type="stmt"/>
      <line num="271" count="2" type="cond" truecount="2" falsecount="0"/>
      <line num="272" count="1" type="stmt"/>
      <line num="273" count="1" type="cond" truecount="1" falsecount="1"/>
      <line num="274" count="1" type="stmt"/>
      <line num="277" count="1" type="stmt"/>
      <line num="278" count="1" type="stmt"/>
      <line num="279" count="1" type="stmt"/>
      <line num="283" count="1" type="stmt"/>
      <line num="287" count="1" type="stmt"/>
      <line num="288" count="1" type="stmt"/>
      <line num="291" count="1" type="stmt"/>
      <line num="292" count="1" type="stmt"/>
      <line num="293" count="1" type="stmt"/>
      <line num="294" count="1" type="stmt"/>
      <line num="297" count="1" type="stmt"/>
      <line num="304" count="1" type="stmt"/>
      <line num="309" count="0" type="stmt"/>
      <line num="310" count="0" type="stmt"/>
      <line num="322" count="0" type="stmt"/>
      <line num="323" count="0" type="stmt"/>
      <line num="324" count="0" type="stmt"/>
      <line num="326" count="0" type="stmt"/>
      <line num="327" count="0" type="cond" truecount="0" falsecount="4"/>
      <line num="328" count="0" type="stmt"/>
      <line num="331" count="0" type="stmt"/>
      <line num="334" count="0" type="stmt"/>
      <line num="341" count="0" type="stmt"/>
      <line num="352" count="0" type="stmt"/>
      <line num="362" count="0" type="stmt"/>
      <line num="370" count="0" type="stmt"/>
      <line num="379" count="9" type="stmt"/>
    </file>
  </project>
</coverage>
