{"/Users/sashanesterchuk/prawko/mobile/src/features/ads/ad-session-policy.ts": {"path":"/Users/sashanesterchuk/prawko/mobile/src/features/ads/ad-session-policy.ts","statementMap":{"0":{"start":{"line":28,"column":35},"end":{"line":28,"column":60}},"1":{"start":{"line":29,"column":24},"end":{"line":29,"column":29}},"2":{"start":{"line":30,"column":38},"end":{"line":30,"column":42}},"3":{"start":{"line":33,"column":14},"end":{"line":33,"column":24}},"4":{"start":{"line":35,"column":2},"end":{"line":41,"column":4}},"5":{"start":{"line":45,"column":14},"end":{"line":45,"column":24}},"6":{"start":{"line":46,"column":23},"end":{"line":46,"column":74}},"7":{"start":{"line":48,"column":2},"end":{"line":51,"column":3}},"8":{"start":{"line":49,"column":4},"end":{"line":49,"column":45}},"9":{"start":{"line":50,"column":4},"end":{"line":50,"column":11}},"10":{"start":{"line":53,"column":2},"end":{"line":56,"column":4}},"11":{"start":{"line":60,"column":2},"end":{"line":60,"column":27}},"12":{"start":{"line":61,"column":2},"end":{"line":64,"column":4}},"13":{"start":{"line":68,"column":14},"end":{"line":68,"column":24}},"14":{"start":{"line":70,"column":2},"end":{"line":76,"column":4}},"15":{"start":{"line":80,"column":2},"end":{"line":80,"column":29}},"16":{"start":{"line":84,"column":2},"end":{"line":84,"column":27}},"17":{"start":{"line":88,"column":2},"end":{"line":88,"column":32}},"18":{"start":{"line":93,"column":2},"end":{"line":93,"column":26}},"19":{"start":{"line":96,"column":32},"end":{"line":96,"column":33}},"20":{"start":{"line":99,"column":2},"end":{"line":99,"column":54}},"21":{"start":{"line":103,"column":2},"end":{"line":103,"column":48}},"22":{"start":{"line":108,"column":2},"end":{"line":108,"column":43}},"23":{"start":{"line":109,"column":2},"end":{"line":109,"column":28}},"24":{"start":{"line":110,"column":2},"end":{"line":110,"column":26}},"25":{"start":{"line":111,"column":2},"end":{"line":111,"column":32}},"26":{"start":{"line":123,"column":2},"end":{"line":125,"column":3}},"27":{"start":{"line":124,"column":4},"end":{"line":124,"column":50}},"28":{"start":{"line":127,"column":2},"end":{"line":129,"column":3}},"29":{"start":{"line":128,"column":4},"end":{"line":128,"column":51}},"30":{"start":{"line":131,"column":2},"end":{"line":133,"column":3}},"31":{"start":{"line":132,"column":4},"end":{"line":132,"column":55}},"32":{"start":{"line":135,"column":2},"end":{"line":135,"column":27}},"33":{"start":{"line":137,"column":2},"end":{"line":139,"column":3}},"34":{"start":{"line":138,"column":4},"end":{"line":138,"column":53}},"35":{"start":{"line":141,"column":2},"end":{"line":143,"column":3}},"36":{"start":{"line":142,"column":4},"end":{"line":142,"column":45}},"37":{"start":{"line":145,"column":2},"end":{"line":151,"column":3}},"38":{"start":{"line":146,"column":27},"end":{"line":146,"column":75}},"39":{"start":{"line":148,"column":4},"end":{"line":150,"column":5}},"40":{"start":{"line":149,"column":6},"end":{"line":149,"column":52}},"41":{"start":{"line":153,"column":2},"end":{"line":160,"column":3}},"42":{"start":{"line":154,"column":4},"end":{"line":159,"column":5}},"43":{"start":{"line":158,"column":6},"end":{"line":158,"column":61}},"44":{"start":{"line":162,"column":2},"end":{"line":171,"column":3}},"45":{"start":{"line":163,"column":26},"end":{"line":163,"column":58}},"46":{"start":{"line":165,"column":4},"end":{"line":170,"column":5}},"47":{"start":{"line":169,"column":6},"end":{"line":169,"column":61}},"48":{"start":{"line":173,"column":2},"end":{"line":183,"column":3}},"49":{"start":{"line":174,"column":4},"end":{"line":176,"column":5}},"50":{"start":{"line":175,"column":6},"end":{"line":175,"column":61}},"51":{"start":{"line":178,"column":30},"end":{"line":178,"column":75}},"52":{"start":{"line":180,"column":4},"end":{"line":182,"column":5}},"53":{"start":{"line":181,"column":6},"end":{"line":181,"column":61}},"54":{"start":{"line":185,"column":2},"end":{"line":185,"column":41}}},"fnMap":{"0":{"name":"createFreshSessionState","decl":{"start":{"line":32,"column":16},"end":{"line":32,"column":39}},"loc":{"start":{"line":32,"column":58},"end":{"line":42,"column":1}},"line":32},"1":{"name":"touchAdSessionActivity","decl":{"start":{"line":44,"column":16},"end":{"line":44,"column":38}},"loc":{"start":{"line":44,"column":41},"end":{"line":57,"column":1}},"line":44},"2":{"name":"recordQuestionAnsweredForAds","decl":{"start":{"line":59,"column":16},"end":{"line":59,"column":44}},"loc":{"start":{"line":59,"column":47},"end":{"line":65,"column":1}},"line":59},"3":{"name":"recordAdShown","decl":{"start":{"line":67,"column":16},"end":{"line":67,"column":29}},"loc":{"start":{"line":67,"column":32},"end":{"line":77,"column":1}},"line":67},"4":{"name":"setExamSessionActive","decl":{"start":{"line":79,"column":16},"end":{"line":79,"column":36}},"loc":{"start":{"line":79,"column":54},"end":{"line":81,"column":1}},"line":79},"5":{"name":"isExamSessionActive","decl":{"start":{"line":83,"column":16},"end":{"line":83,"column":35}},"loc":{"start":{"line":83,"column":38},"end":{"line":85,"column":1}},"line":83},"6":{"name":"markAppBackgrounded","decl":{"start":{"line":87,"column":16},"end":{"line":87,"column":35}},"loc":{"start":{"line":87,"column":38},"end":{"line":89,"column":1}},"line":87},"7":{"name":"clearAppBackgroundMark","decl":{"start":{"line":92,"column":16},"end":{"line":92,"column":38}},"loc":{"start":{"line":92,"column":41},"end":{"line":94,"column":1}},"line":92},"8":{"name":"suppressAppResumeAds","decl":{"start":{"line":98,"column":16},"end":{"line":98,"column":36}},"loc":{"start":{"line":98,"column":57},"end":{"line":100,"column":1}},"line":98},"9":{"name":"isAppResumeAdsSuppressed","decl":{"start":{"line":102,"column":16},"end":{"line":102,"column":40}},"loc":{"start":{"line":102,"column":43},"end":{"line":104,"column":1}},"line":102},"10":{"name":"resetAdSessionStateForTests","decl":{"start":{"line":107,"column":16},"end":{"line":107,"column":43}},"loc":{"start":{"line":107,"column":46},"end":{"line":112,"column":1}},"line":107},"11":{"name":"shouldShowInterstitialForTrigger","decl":{"start":{"line":114,"column":16},"end":{"line":114,"column":48}},"loc":{"start":{"line":122,"column":53},"end":{"line":186,"column":1}},"line":122}},"branchMap":{"0":{"loc":{"start":{"line":48,"column":2},"end":{"line":51,"column":3}},"type":"if","locations":[{"start":{"line":48,"column":2},"end":{"line":51,"column":3}},{"start":{},"end":{}}],"line":48},"1":{"loc":{"start":{"line":98,"column":37},"end":{"line":98,"column":55}},"type":"default-arg","locations":[{"start":{"line":98,"column":50},"end":{"line":98,"column":55}}],"line":98},"2":{"loc":{"start":{"line":123,"column":2},"end":{"line":125,"column":3}},"type":"if","locations":[{"start":{"line":123,"column":2},"end":{"line":125,"column":3}},{"start":{},"end":{}}],"line":123},"3":{"loc":{"start":{"line":127,"column":2},"end":{"line":129,"column":3}},"type":"if","locations":[{"start":{"line":127,"column":2},"end":{"line":129,"column":3}},{"start":{},"end":{}}],"line":127},"4":{"loc":{"start":{"line":131,"column":2},"end":{"line":133,"column":3}},"type":"if","locations":[{"start":{"line":131,"column":2},"end":{"line":133,"column":3}},{"start":{},"end":{}}],"line":131},"5":{"loc":{"start":{"line":137,"column":2},"end":{"line":139,"column":3}},"type":"if","locations":[{"start":{"line":137,"column":2},"end":{"line":139,"column":3}},{"start":{},"end":{}}],"line":137},"6":{"loc":{"start":{"line":141,"column":2},"end":{"line":143,"column":3}},"type":"if","locations":[{"start":{"line":141,"column":2},"end":{"line":143,"column":3}},{"start":{},"end":{}}],"line":141},"7":{"loc":{"start":{"line":145,"column":2},"end":{"line":151,"column":3}},"type":"if","locations":[{"start":{"line":145,"column":2},"end":{"line":151,"column":3}},{"start":{},"end":{}}],"line":145},"8":{"loc":{"start":{"line":145,"column":6},"end":{"line":145,"column":69}},"type":"binary-expr","locations":[{"start":{"line":145,"column":6},"end":{"line":145,"column":39}},{"start":{"line":145,"column":43},"end":{"line":145,"column":69}}],"line":145},"9":{"loc":{"start":{"line":148,"column":4},"end":{"line":150,"column":5}},"type":"if","locations":[{"start":{"line":148,"column":4},"end":{"line":150,"column":5}},{"start":{},"end":{}}],"line":148},"10":{"loc":{"start":{"line":153,"column":2},"end":{"line":160,"column":3}},"type":"if","locations":[{"start":{"line":153,"column":2},"end":{"line":160,"column":3}},{"start":{},"end":{}}],"line":153},"11":{"loc":{"start":{"line":154,"column":4},"end":{"line":159,"column":5}},"type":"if","locations":[{"start":{"line":154,"column":4},"end":{"line":159,"column":5}},{"start":{},"end":{}}],"line":154},"12":{"loc":{"start":{"line":162,"column":2},"end":{"line":171,"column":3}},"type":"if","locations":[{"start":{"line":162,"column":2},"end":{"line":171,"column":3}},{"start":{},"end":{}}],"line":162},"13":{"loc":{"start":{"line":163,"column":26},"end":{"line":163,"column":58}},"type":"binary-expr","locations":[{"start":{"line":163,"column":26},"end":{"line":163,"column":53}},{"start":{"line":163,"column":57},"end":{"line":163,"column":58}}],"line":163},"14":{"loc":{"start":{"line":165,"column":4},"end":{"line":170,"column":5}},"type":"if","locations":[{"start":{"line":165,"column":4},"end":{"line":170,"column":5}},{"start":{},"end":{}}],"line":165},"15":{"loc":{"start":{"line":166,"column":6},"end":{"line":167,"column":62}},"type":"binary-expr","locations":[{"start":{"line":166,"column":6},"end":{"line":166,"column":23}},{"start":{"line":167,"column":6},"end":{"line":167,"column":62}}],"line":166},"16":{"loc":{"start":{"line":173,"column":2},"end":{"line":183,"column":3}},"type":"if","locations":[{"start":{"line":173,"column":2},"end":{"line":183,"column":3}},{"start":{},"end":{}}],"line":173},"17":{"loc":{"start":{"line":174,"column":4},"end":{"line":176,"column":5}},"type":"if","locations":[{"start":{"line":174,"column":4},"end":{"line":176,"column":5}},{"start":{},"end":{}}],"line":174},"18":{"loc":{"start":{"line":180,"column":4},"end":{"line":182,"column":5}},"type":"if","locations":[{"start":{"line":180,"column":4},"end":{"line":182,"column":5}},{"start":{},"end":{}}],"line":180}},"s":{"0":1,"1":1,"2":1,"3":15,"4":15,"5":46,"6":46,"7":46,"8":1,"9":1,"10":45,"11":24,"12":24,"13":16,"14":16,"15":2,"16":1,"17":2,"18":1,"19":1,"20":1,"21":3,"22":12,"23":12,"24":12,"25":12,"26":23,"27":1,"28":22,"29":1,"30":21,"31":1,"32":20,"33":20,"34":1,"35":19,"36":2,"37":17,"38":4,"39":4,"40":2,"41":15,"42":4,"43":3,"44":12,"45":3,"46":3,"47":2,"48":10,"49":4,"50":2,"51":2,"52":2,"53":1,"54":7},"f":{"0":15,"1":46,"2":24,"3":16,"4":2,"5":1,"6":2,"7":1,"8":1,"9":3,"10":12,"11":23},"b":{"0":[1,45],"1":[0],"2":[1,22],"3":[1,21],"4":[1,20],"5":[1,19],"6":[2,17],"7":[4,13],"8":[17,14],"9":[2,2],"10":[4,11],"11":[3,1],"12":[3,9],"13":[3,0],"14":[2,1],"15":[3,2],"16":[4,6],"17":[2,2],"18":[1,1]},"_coverageSchema":"1a1c01bbd47fc00a2c39e90264f33305004495a9","hash":"1def77d244a2a7073c67e768b850e66d955a0453"}
,"/Users/sashanesterchuk/prawko/mobile/src/features/ads/admob-config.ts": {"path":"/Users/sashanesterchuk/prawko/mobile/src/features/ads/admob-config.ts","statementMap":{"0":{"start":{"line":15,"column":2},"end":{"line":15,"column":33}},"1":{"start":{"line":19,"column":2},"end":{"line":21,"column":3}},"2":{"start":{"line":20,"column":4},"end":{"line":20,"column":35}},"3":{"start":{"line":23,"column":2},"end":{"line":25,"column":3}},"4":{"start":{"line":24,"column":4},"end":{"line":24,"column":39}},"5":{"start":{"line":27,"column":2},"end":{"line":27,"column":12}},"6":{"start":{"line":33,"column":4},"end":{"line":35,"column":48}},"7":{"start":{"line":37,"column":2},"end":{"line":39,"column":3}},"8":{"start":{"line":38,"column":4},"end":{"line":38,"column":58}},"9":{"start":{"line":41,"column":2},"end":{"line":43,"column":3}},"10":{"start":{"line":42,"column":4},"end":{"line":42,"column":48}},"11":{"start":{"line":45,"column":2},"end":{"line":47,"column":3}},"12":{"start":{"line":46,"column":4},"end":{"line":46,"column":52}},"13":{"start":{"line":49,"column":2},"end":{"line":49,"column":12}}},"fnMap":{"0":{"name":"isAdMobEnabled","decl":{"start":{"line":14,"column":16},"end":{"line":14,"column":30}},"loc":{"start":{"line":14,"column":33},"end":{"line":16,"column":1}},"line":14},"1":{"name":"getAdMobAppId","decl":{"start":{"line":18,"column":16},"end":{"line":18,"column":29}},"loc":{"start":{"line":18,"column":32},"end":{"line":28,"column":1}},"line":18},"2":{"name":"getInterstitialAdUnitId","decl":{"start":{"line":30,"column":16},"end":{"line":30,"column":39}},"loc":{"start":{"line":30,"column":42},"end":{"line":50,"column":1}},"line":30}},"branchMap":{"0":{"loc":{"start":{"line":19,"column":2},"end":{"line":21,"column":3}},"type":"if","locations":[{"start":{"line":19,"column":2},"end":{"line":21,"column":3}},{"start":{},"end":{}}],"line":19},"1":{"loc":{"start":{"line":23,"column":2},"end":{"line":25,"column":3}},"type":"if","locations":[{"start":{"line":23,"column":2},"end":{"line":25,"column":3}},{"start":{},"end":{}}],"line":23},"2":{"loc":{"start":{"line":33,"column":4},"end":{"line":35,"column":48}},"type":"cond-expr","locations":[{"start":{"line":34,"column":8},"end":{"line":34,"column":48}},{"start":{"line":35,"column":8},"end":{"line":35,"column":48}}],"line":33},"3":{"loc":{"start":{"line":37,"column":2},"end":{"line":39,"column":3}},"type":"if","locations":[{"start":{"line":37,"column":2},"end":{"line":39,"column":3}},{"start":{},"end":{}}],"line":37},"4":{"loc":{"start":{"line":38,"column":11},"end":{"line":38,"column":57}},"type":"binary-expr","locations":[{"start":{"line":38,"column":11},"end":{"line":38,"column":31}},{"start":{"line":38,"column":35},"end":{"line":38,"column":57}}],"line":38},"5":{"loc":{"start":{"line":41,"column":2},"end":{"line":43,"column":3}},"type":"if","locations":[{"start":{"line":41,"column":2},"end":{"line":43,"column":3}},{"start":{},"end":{}}],"line":41},"6":{"loc":{"start":{"line":45,"column":2},"end":{"line":47,"column":3}},"type":"if","locations":[{"start":{"line":45,"column":2},"end":{"line":47,"column":3}},{"start":{},"end":{}}],"line":45}},"s":{"0":2,"1":3,"2":1,"3":2,"4":1,"5":1,"6":4,"7":4,"8":1,"9":3,"10":1,"11":2,"12":1,"13":1},"f":{"0":2,"1":3,"2":4},"b":{"0":[1,2],"1":[1,1],"2":[2,2],"3":[1,3],"4":[1,0],"5":[1,2],"6":[1,1]},"_coverageSchema":"1a1c01bbd47fc00a2c39e90264f33305004495a9","hash":"bf3bb9304c1572960c4bf85de084a750a50d6bb0"}
,"/Users/sashanesterchuk/prawko/mobile/src/features/ads/interstitial-controller.ts": {"path":"/Users/sashanesterchuk/prawko/mobile/src/features/ads/interstitial-controller.ts","statementMap":{"0":{"start":{"line":11,"column":42},"end":{"line":11,"column":46}},"1":{"start":{"line":12,"column":39},"end":{"line":12,"column":41}},"2":{"start":{"line":13,"column":21},"end":{"line":13,"column":26}},"3":{"start":{"line":14,"column":25},"end":{"line":14,"column":30}},"4":{"start":{"line":15,"column":16},"end":{"line":15,"column":21}},"5":{"start":{"line":16,"column":21},"end":{"line":16,"column":26}},"6":{"start":{"line":17,"column":52},"end":{"line":17,"column":54}},"7":{"start":{"line":18,"column":59},"end":{"line":18,"column":63}},"8":{"start":{"line":21,"column":29},"end":{"line":21,"column":34}},"9":{"start":{"line":23,"column":30},"end":{"line":23,"column":35}},"10":{"start":{"line":25,"column":24},"end":{"line":25,"column":25}},"11":{"start":{"line":26,"column":30},"end":{"line":26,"column":35}},"12":{"start":{"line":29,"column":2},"end":{"line":29,"column":28}},"13":{"start":{"line":33,"column":2},"end":{"line":33,"column":19}},"14":{"start":{"line":37,"column":18},"end":{"line":37,"column":29}},"15":{"start":{"line":38,"column":2},"end":{"line":38,"column":19}},"16":{"start":{"line":39,"column":2},"end":{"line":41,"column":3}},"17":{"start":{"line":40,"column":4},"end":{"line":40,"column":20}},"18":{"start":{"line":45,"column":2},"end":{"line":45,"column":30}},"19":{"start":{"line":46,"column":2},"end":{"line":46,"column":25}},"20":{"start":{"line":48,"column":2},"end":{"line":50,"column":3}},"21":{"start":{"line":49,"column":4},"end":{"line":49,"column":29}},"22":{"start":{"line":54,"column":2},"end":{"line":56,"column":3}},"23":{"start":{"line":55,"column":4},"end":{"line":55,"column":53}},"24":{"start":{"line":60,"column":2},"end":{"line":63,"column":3}},"25":{"start":{"line":61,"column":4},"end":{"line":61,"column":33}},"26":{"start":{"line":62,"column":4},"end":{"line":62,"column":26}},"27":{"start":{"line":67,"column":2},"end":{"line":69,"column":3}},"28":{"start":{"line":68,"column":4},"end":{"line":68,"column":11}},"29":{"start":{"line":71,"column":2},"end":{"line":71,"column":24}},"30":{"start":{"line":72,"column":2},"end":{"line":72,"column":18}},"31":{"start":{"line":73,"column":2},"end":{"line":73,"column":22}},"32":{"start":{"line":81,"column":2},"end":{"line":81,"column":19}},"33":{"start":{"line":83,"column":2},"end":{"line":89,"column":3}},"34":{"start":{"line":84,"column":4},"end":{"line":88,"column":5}},"35":{"start":{"line":85,"column":6},"end":{"line":85,"column":20}},"36":{"start":{"line":91,"column":2},"end":{"line":91,"column":21}},"37":{"start":{"line":92,"column":2},"end":{"line":92,"column":22}},"38":{"start":{"line":93,"column":2},"end":{"line":93,"column":20}},"39":{"start":{"line":94,"column":2},"end":{"line":94,"column":25}},"40":{"start":{"line":95,"column":2},"end":{"line":95,"column":19}},"41":{"start":{"line":96,"column":2},"end":{"line":96,"column":28}},"42":{"start":{"line":101,"column":2},"end":{"line":101,"column":30}},"43":{"start":{"line":102,"column":2},"end":{"line":102,"column":25}},"44":{"start":{"line":106,"column":2},"end":{"line":108,"column":3}},"45":{"start":{"line":107,"column":4},"end":{"line":107,"column":11}},"46":{"start":{"line":110,"column":2},"end":{"line":120,"column":3}},"47":{"start":{"line":111,"column":4},"end":{"line":113,"column":7}},"48":{"start":{"line":114,"column":4},"end":{"line":114,"column":35}},"49":{"start":{"line":115,"column":4},"end":{"line":115,"column":26}},"50":{"start":{"line":116,"column":4},"end":{"line":116,"column":68}},"51":{"start":{"line":118,"column":4},"end":{"line":118,"column":59}},"52":{"start":{"line":119,"column":4},"end":{"line":119,"column":21}},"53":{"start":{"line":124,"column":2},"end":{"line":127,"column":3}},"54":{"start":{"line":125,"column":4},"end":{"line":125,"column":21}},"55":{"start":{"line":126,"column":4},"end":{"line":126,"column":27}},"56":{"start":{"line":126,"column":17},"end":{"line":126,"column":26}},"57":{"start":{"line":129,"column":2},"end":{"line":129,"column":30}},"58":{"start":{"line":131,"column":17},"end":{"line":131,"column":66}},"59":{"start":{"line":133,"column":2},"end":{"line":137,"column":3}},"60":{"start":{"line":134,"column":4},"end":{"line":134,"column":58}},"61":{"start":{"line":135,"column":4},"end":{"line":135,"column":21}},"62":{"start":{"line":136,"column":4},"end":{"line":136,"column":27}},"63":{"start":{"line":136,"column":17},"end":{"line":136,"column":26}},"64":{"start":{"line":139,"column":2},"end":{"line":139,"column":53}},"65":{"start":{"line":141,"column":2},"end":{"line":143,"column":5}},"66":{"start":{"line":145,"column":2},"end":{"line":151,"column":4}},"67":{"start":{"line":147,"column":6},"end":{"line":147,"column":35}},"68":{"start":{"line":148,"column":6},"end":{"line":148,"column":23}},"69":{"start":{"line":149,"column":6},"end":{"line":149,"column":22}},"70":{"start":{"line":153,"column":2},"end":{"line":167,"column":4}},"71":{"start":{"line":155,"column":6},"end":{"line":155,"column":56}},"72":{"start":{"line":156,"column":6},"end":{"line":156,"column":29}},"73":{"start":{"line":157,"column":6},"end":{"line":157,"column":23}},"74":{"start":{"line":158,"column":6},"end":{"line":158,"column":24}},"75":{"start":{"line":159,"column":6},"end":{"line":159,"column":32}},"76":{"start":{"line":162,"column":6},"end":{"line":162,"column":23}},"77":{"start":{"line":163,"column":6},"end":{"line":165,"column":14}},"78":{"start":{"line":164,"column":8},"end":{"line":164,"column":22}},"79":{"start":{"line":169,"column":2},"end":{"line":179,"column":4}},"80":{"start":{"line":171,"column":6},"end":{"line":171,"column":35}},"81":{"start":{"line":172,"column":6},"end":{"line":172,"column":24}},"82":{"start":{"line":173,"column":6},"end":{"line":173,"column":23}},"83":{"start":{"line":174,"column":6},"end":{"line":174,"column":23}},"84":{"start":{"line":175,"column":6},"end":{"line":177,"column":14}},"85":{"start":{"line":176,"column":8},"end":{"line":176,"column":22}},"86":{"start":{"line":181,"column":2},"end":{"line":181,"column":16}},"87":{"start":{"line":183,"column":2},"end":{"line":183,"column":33}},"88":{"start":{"line":187,"column":2},"end":{"line":187,"column":30}},"89":{"start":{"line":191,"column":2},"end":{"line":193,"column":3}},"90":{"start":{"line":192,"column":4},"end":{"line":192,"column":33}},"91":{"start":{"line":195,"column":2},"end":{"line":209,"column":5}},"92":{"start":{"line":196,"column":18},"end":{"line":196,"column":23}},"93":{"start":{"line":198,"column":19},"end":{"line":205,"column":5}},"94":{"start":{"line":199,"column":6},"end":{"line":201,"column":7}},"95":{"start":{"line":200,"column":8},"end":{"line":200,"column":15}},"96":{"start":{"line":203,"column":6},"end":{"line":203,"column":21}},"97":{"start":{"line":204,"column":6},"end":{"line":204,"column":22}},"98":{"start":{"line":207,"column":4},"end":{"line":207,"column":29}},"99":{"start":{"line":208,"column":4},"end":{"line":208,"column":60}},"100":{"start":{"line":208,"column":21},"end":{"line":208,"column":47}},"101":{"start":{"line":219,"column":19},"end":{"line":219,"column":55}},"102":{"start":{"line":220,"column":20},"end":{"line":220,"column":74}},"103":{"start":{"line":221,"column":23},"end":{"line":224,"column":3}},"104":{"start":{"line":226,"column":2},"end":{"line":228,"column":3}},"105":{"start":{"line":227,"column":4},"end":{"line":227,"column":17}},"106":{"start":{"line":230,"column":2},"end":{"line":230,"column":29}},"107":{"start":{"line":232,"column":2},"end":{"line":234,"column":3}},"108":{"start":{"line":233,"column":4},"end":{"line":233,"column":16}},"109":{"start":{"line":236,"column":2},"end":{"line":249,"column":3}},"110":{"start":{"line":236,"column":21},"end":{"line":236,"column":22}},"111":{"start":{"line":237,"column":4},"end":{"line":237,"column":57}},"112":{"start":{"line":239,"column":4},"end":{"line":243,"column":5}},"113":{"start":{"line":240,"column":6},"end":{"line":240,"column":33}},"114":{"start":{"line":242,"column":6},"end":{"line":242,"column":20}},"115":{"start":{"line":245,"column":19},"end":{"line":245,"column":56}},"116":{"start":{"line":246,"column":4},"end":{"line":248,"column":5}},"117":{"start":{"line":247,"column":6},"end":{"line":247,"column":18}},"118":{"start":{"line":251,"column":2},"end":{"line":251,"column":45}},"119":{"start":{"line":252,"column":2},"end":{"line":252,"column":15}},"120":{"start":{"line":257,"column":2},"end":{"line":257,"column":61}},"121":{"start":{"line":265,"column":2},"end":{"line":270,"column":3}},"122":{"start":{"line":268,"column":4},"end":{"line":268,"column":44}},"123":{"start":{"line":269,"column":4},"end":{"line":269,"column":17}},"124":{"start":{"line":272,"column":2},"end":{"line":278,"column":3}},"125":{"start":{"line":273,"column":18},"end":{"line":273,"column":49}},"126":{"start":{"line":274,"column":4},"end":{"line":277,"column":5}},"127":{"start":{"line":275,"column":6},"end":{"line":275,"column":54}},"128":{"start":{"line":276,"column":6},"end":{"line":276,"column":19}},"129":{"start":{"line":280,"column":18},"end":{"line":280,"column":30}},"130":{"start":{"line":282,"column":2},"end":{"line":397,"column":5}},"131":{"start":{"line":283,"column":4},"end":{"line":283,"column":21}},"132":{"start":{"line":284,"column":18},"end":{"line":284,"column":23}},"133":{"start":{"line":285,"column":18},"end":{"line":285,"column":23}},"134":{"start":{"line":286,"column":54},"end":{"line":286,"column":58}},"135":{"start":{"line":287,"column":60},"end":{"line":287,"column":64}},"136":{"start":{"line":288,"column":61},"end":{"line":288,"column":65}},"137":{"start":{"line":290,"column":26},"end":{"line":301,"column":5}},"138":{"start":{"line":291,"column":6},"end":{"line":294,"column":7}},"139":{"start":{"line":292,"column":8},"end":{"line":292,"column":34}},"140":{"start":{"line":293,"column":8},"end":{"line":293,"column":27}},"141":{"start":{"line":295,"column":6},"end":{"line":298,"column":7}},"142":{"start":{"line":296,"column":8},"end":{"line":296,"column":35}},"143":{"start":{"line":297,"column":8},"end":{"line":297,"column":28}},"144":{"start":{"line":299,"column":6},"end":{"line":299,"column":28}},"145":{"start":{"line":300,"column":6},"end":{"line":300,"column":25}},"146":{"start":{"line":303,"column":19},"end":{"line":325,"column":5}},"147":{"start":{"line":304,"column":6},"end":{"line":306,"column":7}},"148":{"start":{"line":305,"column":8},"end":{"line":305,"column":15}},"149":{"start":{"line":308,"column":6},"end":{"line":308,"column":21}},"150":{"start":{"line":309,"column":6},"end":{"line":309,"column":22}},"151":{"start":{"line":310,"column":6},"end":{"line":310,"column":26}},"152":{"start":{"line":311,"column":6},"end":{"line":311,"column":26}},"153":{"start":{"line":312,"column":6},"end":{"line":312,"column":25}},"154":{"start":{"line":313,"column":6},"end":{"line":313,"column":24}},"155":{"start":{"line":314,"column":6},"end":{"line":317,"column":9}},"156":{"start":{"line":321,"column":6},"end":{"line":321,"column":34}},"157":{"start":{"line":322,"column":6},"end":{"line":322,"column":33}},"158":{"start":{"line":324,"column":6},"end":{"line":324,"column":21}},"159":{"start":{"line":327,"column":30},"end":{"line":343,"column":5}},"160":{"start":{"line":330,"column":8},"end":{"line":330,"column":23}},"161":{"start":{"line":331,"column":8},"end":{"line":331,"column":37}},"162":{"start":{"line":332,"column":8},"end":{"line":335,"column":9}},"163":{"start":{"line":333,"column":10},"end":{"line":333,"column":36}},"164":{"start":{"line":334,"column":10},"end":{"line":334,"column":29}},"165":{"start":{"line":336,"column":8},"end":{"line":341,"column":34}},"166":{"start":{"line":337,"column":10},"end":{"line":339,"column":12}},"167":{"start":{"line":340,"column":10},"end":{"line":340,"column":40}},"168":{"start":{"line":345,"column":30},"end":{"line":350,"column":5}},"169":{"start":{"line":348,"column":8},"end":{"line":348,"column":31}},"170":{"start":{"line":352,"column":29},"end":{"line":359,"column":5}},"171":{"start":{"line":355,"column":8},"end":{"line":355,"column":50}},"172":{"start":{"line":356,"column":8},"end":{"line":356,"column":25}},"173":{"start":{"line":357,"column":8},"end":{"line":357,"column":31}},"174":{"start":{"line":363,"column":4},"end":{"line":379,"column":7}},"175":{"start":{"line":364,"column":6},"end":{"line":366,"column":7}},"176":{"start":{"line":365,"column":8},"end":{"line":365,"column":15}},"177":{"start":{"line":368,"column":21},"end":{"line":370,"column":35}},"178":{"start":{"line":371,"column":22},"end":{"line":371,"column":41}},"179":{"start":{"line":373,"column":6},"end":{"line":373,"column":57}},"180":{"start":{"line":374,"column":6},"end":{"line":378,"column":18}},"181":{"start":{"line":375,"column":8},"end":{"line":377,"column":9}},"182":{"start":{"line":376,"column":10},"end":{"line":376,"column":43}},"183":{"start":{"line":381,"column":4},"end":{"line":390,"column":29}},"184":{"start":{"line":382,"column":6},"end":{"line":384,"column":7}},"185":{"start":{"line":383,"column":8},"end":{"line":383,"column":15}},"186":{"start":{"line":386,"column":6},"end":{"line":388,"column":8}},"187":{"start":{"line":389,"column":6},"end":{"line":389,"column":36}},"188":{"start":{"line":392,"column":4},"end":{"line":396,"column":7}},"189":{"start":{"line":393,"column":6},"end":{"line":393,"column":61}},"190":{"start":{"line":394,"column":6},"end":{"line":394,"column":23}},"191":{"start":{"line":395,"column":6},"end":{"line":395,"column":37}}},"fnMap":{"0":{"name":"isInterstitialLoaded","decl":{"start":{"line":28,"column":16},"end":{"line":28,"column":36}},"loc":{"start":{"line":28,"column":39},"end":{"line":30,"column":1}},"line":28},"1":{"name":"isInterstitialShowing","decl":{"start":{"line":32,"column":16},"end":{"line":32,"column":37}},"loc":{"start":{"line":32,"column":40},"end":{"line":34,"column":1}},"line":32},"2":{"name":"resolveLoadWaiters","decl":{"start":{"line":36,"column":9},"end":{"line":36,"column":27}},"loc":{"start":{"line":36,"column":45},"end":{"line":42,"column":1}},"line":36},"3":{"name":"setLoaded","decl":{"start":{"line":44,"column":9},"end":{"line":44,"column":18}},"loc":{"start":{"line":44,"column":36},"end":{"line":51,"column":1}},"line":44},"4":{"name":"logAd","decl":{"start":{"line":53,"column":9},"end":{"line":53,"column":14}},"loc":{"start":{"line":53,"column":67},"end":{"line":57,"column":1}},"line":53},"5":{"name":"clearAutoRetry","decl":{"start":{"line":59,"column":9},"end":{"line":59,"column":23}},"loc":{"start":{"line":59,"column":26},"end":{"line":64,"column":1}},"line":59},"6":{"name":"requestLoad","decl":{"start":{"line":66,"column":9},"end":{"line":66,"column":20}},"loc":{"start":{"line":66,"column":23},"end":{"line":74,"column":1}},"line":66},"7":{"name":"resetInterstitialInstance","decl":{"start":{"line":80,"column":16},"end":{"line":80,"column":41}},"loc":{"start":{"line":80,"column":44},"end":{"line":97,"column":1}},"line":80},"8":{"name":"resetInterstitialControllerForTests","decl":{"start":{"line":100,"column":16},"end":{"line":100,"column":51}},"loc":{"start":{"line":100,"column":54},"end":{"line":103,"column":1}},"line":100},"9":{"name":"initializeAdMobSdk","decl":{"start":{"line":105,"column":22},"end":{"line":105,"column":40}},"loc":{"start":{"line":105,"column":43},"end":{"line":121,"column":1}},"line":105},"10":{"name":"startInterstitialPreload","decl":{"start":{"line":123,"column":16},"end":{"line":123,"column":40}},"loc":{"start":{"line":123,"column":43},"end":{"line":184,"column":1}},"line":123},"11":{"name":"(anonymous_11)","decl":{"start":{"line":126,"column":11},"end":{"line":126,"column":12}},"loc":{"start":{"line":126,"column":17},"end":{"line":126,"column":26}},"line":126},"12":{"name":"(anonymous_12)","decl":{"start":{"line":136,"column":11},"end":{"line":136,"column":12}},"loc":{"start":{"line":136,"column":17},"end":{"line":136,"column":26}},"line":136},"13":{"name":"(anonymous_13)","decl":{"start":{"line":146,"column":56},"end":{"line":146,"column":57}},"loc":{"start":{"line":146,"column":62},"end":{"line":150,"column":5}},"line":146},"14":{"name":"(anonymous_14)","decl":{"start":{"line":154,"column":55},"end":{"line":154,"column":56}},"loc":{"start":{"line":154,"column":66},"end":{"line":166,"column":5}},"line":154},"15":{"name":"(anonymous_15)","decl":{"start":{"line":163,"column":34},"end":{"line":163,"column":35}},"loc":{"start":{"line":163,"column":40},"end":{"line":165,"column":7}},"line":163},"16":{"name":"(anonymous_16)","decl":{"start":{"line":170,"column":56},"end":{"line":170,"column":57}},"loc":{"start":{"line":170,"column":62},"end":{"line":178,"column":5}},"line":170},"17":{"name":"(anonymous_17)","decl":{"start":{"line":175,"column":34},"end":{"line":175,"column":35}},"loc":{"start":{"line":175,"column":40},"end":{"line":177,"column":7}},"line":175},"18":{"name":"stopInterstitialPreload","decl":{"start":{"line":186,"column":16},"end":{"line":186,"column":39}},"loc":{"start":{"line":186,"column":42},"end":{"line":188,"column":1}},"line":186},"19":{"name":"waitForSingleLoad","decl":{"start":{"line":190,"column":9},"end":{"line":190,"column":26}},"loc":{"start":{"line":190,"column":64},"end":{"line":210,"column":1}},"line":190},"20":{"name":"(anonymous_20)","decl":{"start":{"line":195,"column":21},"end":{"line":195,"column":22}},"loc":{"start":{"line":195,"column":34},"end":{"line":209,"column":3}},"line":195},"21":{"name":"(anonymous_21)","decl":{"start":{"line":198,"column":19},"end":{"line":198,"column":20}},"loc":{"start":{"line":198,"column":40},"end":{"line":205,"column":5}},"line":198},"22":{"name":"(anonymous_22)","decl":{"start":{"line":208,"column":15},"end":{"line":208,"column":16}},"loc":{"start":{"line":208,"column":21},"end":{"line":208,"column":47}},"line":208},"23":{"name":"ensureInterstitialReady","decl":{"start":{"line":215,"column":22},"end":{"line":215,"column":45}},"loc":{"start":{"line":218,"column":21},"end":{"line":253,"column":1}},"line":218},"24":{"name":"waitForInterstitialLoaded","decl":{"start":{"line":256,"column":16},"end":{"line":256,"column":41}},"loc":{"start":{"line":256,"column":79},"end":{"line":258,"column":1}},"line":256},"25":{"name":"showPreloadedInterstitial","decl":{"start":{"line":264,"column":22},"end":{"line":264,"column":47}},"loc":{"start":{"line":264,"column":68},"end":{"line":398,"column":1}},"line":264},"26":{"name":"(anonymous_26)","decl":{"start":{"line":282,"column":30},"end":{"line":282,"column":31}},"loc":{"start":{"line":282,"column":43},"end":{"line":397,"column":3}},"line":282},"27":{"name":"(anonymous_27)","decl":{"start":{"line":290,"column":26},"end":{"line":290,"column":27}},"loc":{"start":{"line":290,"column":32},"end":{"line":301,"column":5}},"line":290},"28":{"name":"(anonymous_28)","decl":{"start":{"line":303,"column":19},"end":{"line":303,"column":20}},"loc":{"start":{"line":303,"column":55},"end":{"line":325,"column":5}},"line":303},"29":{"name":"(anonymous_29)","decl":{"start":{"line":329,"column":6},"end":{"line":329,"column":7}},"loc":{"start":{"line":329,"column":12},"end":{"line":342,"column":7}},"line":329},"30":{"name":"(anonymous_30)","decl":{"start":{"line":336,"column":34},"end":{"line":336,"column":35}},"loc":{"start":{"line":336,"column":40},"end":{"line":341,"column":9}},"line":336},"31":{"name":"(anonymous_31)","decl":{"start":{"line":347,"column":6},"end":{"line":347,"column":7}},"loc":{"start":{"line":347,"column":12},"end":{"line":349,"column":7}},"line":347},"32":{"name":"(anonymous_32)","decl":{"start":{"line":354,"column":6},"end":{"line":354,"column":7}},"loc":{"start":{"line":354,"column":17},"end":{"line":358,"column":7}},"line":354},"33":{"name":"(anonymous_33)","decl":{"start":{"line":363,"column":54},"end":{"line":363,"column":55}},"loc":{"start":{"line":363,"column":69},"end":{"line":379,"column":5}},"line":363},"34":{"name":"(anonymous_34)","decl":{"start":{"line":374,"column":17},"end":{"line":374,"column":18}},"loc":{"start":{"line":374,"column":23},"end":{"line":378,"column":7}},"line":374},"35":{"name":"(anonymous_35)","decl":{"start":{"line":381,"column":29},"end":{"line":381,"column":30}},"loc":{"start":{"line":381,"column":35},"end":{"line":390,"column":5}},"line":381},"36":{"name":"(anonymous_36)","decl":{"start":{"line":392,"column":25},"end":{"line":392,"column":26}},"loc":{"start":{"line":392,"column":36},"end":{"line":396,"column":5}},"line":392}},"branchMap":{"0":{"loc":{"start":{"line":48,"column":2},"end":{"line":50,"column":3}},"type":"if","locations":[{"start":{"line":48,"column":2},"end":{"line":50,"column":3}},{"start":{},"end":{}}],"line":48},"1":{"loc":{"start":{"line":54,"column":2},"end":{"line":56,"column":3}},"type":"if","locations":[{"start":{"line":54,"column":2},"end":{"line":56,"column":3}},{"start":{},"end":{}}],"line":54},"2":{"loc":{"start":{"line":55,"column":38},"end":{"line":55,"column":51}},"type":"binary-expr","locations":[{"start":{"line":55,"column":38},"end":{"line":55,"column":45}},{"start":{"line":55,"column":49},"end":{"line":55,"column":51}}],"line":55},"3":{"loc":{"start":{"line":60,"column":2},"end":{"line":63,"column":3}},"type":"if","locations":[{"start":{"line":60,"column":2},"end":{"line":63,"column":3}},{"start":{},"end":{}}],"line":60},"4":{"loc":{"start":{"line":67,"column":2},"end":{"line":69,"column":3}},"type":"if","locations":[{"start":{"line":67,"column":2},"end":{"line":69,"column":3}},{"start":{},"end":{}}],"line":67},"5":{"loc":{"start":{"line":67,"column":6},"end":{"line":67,"column":72}},"type":"binary-expr","locations":[{"start":{"line":67,"column":6},"end":{"line":67,"column":19}},{"start":{"line":67,"column":23},"end":{"line":67,"column":32}},{"start":{"line":67,"column":36},"end":{"line":67,"column":54}},{"start":{"line":67,"column":58},"end":{"line":67,"column":72}}],"line":67},"6":{"loc":{"start":{"line":106,"column":2},"end":{"line":108,"column":3}},"type":"if","locations":[{"start":{"line":106,"column":2},"end":{"line":108,"column":3}},{"start":{},"end":{}}],"line":106},"7":{"loc":{"start":{"line":106,"column":6},"end":{"line":106,"column":41}},"type":"binary-expr","locations":[{"start":{"line":106,"column":6},"end":{"line":106,"column":23}},{"start":{"line":106,"column":27},"end":{"line":106,"column":41}}],"line":106},"8":{"loc":{"start":{"line":124,"column":2},"end":{"line":127,"column":3}},"type":"if","locations":[{"start":{"line":124,"column":2},"end":{"line":127,"column":3}},{"start":{},"end":{}}],"line":124},"9":{"loc":{"start":{"line":131,"column":17},"end":{"line":131,"column":66}},"type":"binary-expr","locations":[{"start":{"line":131,"column":17},"end":{"line":131,"column":42}},{"start":{"line":131,"column":46},"end":{"line":131,"column":66}}],"line":131},"10":{"loc":{"start":{"line":133,"column":2},"end":{"line":137,"column":3}},"type":"if","locations":[{"start":{"line":133,"column":2},"end":{"line":137,"column":3}},{"start":{},"end":{}}],"line":133},"11":{"loc":{"start":{"line":191,"column":2},"end":{"line":193,"column":3}},"type":"if","locations":[{"start":{"line":191,"column":2},"end":{"line":193,"column":3}},{"start":{},"end":{}}],"line":191},"12":{"loc":{"start":{"line":199,"column":6},"end":{"line":201,"column":7}},"type":"if","locations":[{"start":{"line":199,"column":6},"end":{"line":201,"column":7}},{"start":{},"end":{}}],"line":199},"13":{"loc":{"start":{"line":219,"column":19},"end":{"line":219,"column":55}},"type":"binary-expr","locations":[{"start":{"line":219,"column":19},"end":{"line":219,"column":36}},{"start":{"line":219,"column":40},"end":{"line":219,"column":55}}],"line":219},"14":{"loc":{"start":{"line":220,"column":20},"end":{"line":220,"column":74}},"type":"binary-expr","locations":[{"start":{"line":220,"column":20},"end":{"line":220,"column":38}},{"start":{"line":220,"column":42},"end":{"line":220,"column":74}}],"line":220},"15":{"loc":{"start":{"line":226,"column":2},"end":{"line":228,"column":3}},"type":"if","locations":[{"start":{"line":226,"column":2},"end":{"line":228,"column":3}},{"start":{},"end":{}}],"line":226},"16":{"loc":{"start":{"line":232,"column":2},"end":{"line":234,"column":3}},"type":"if","locations":[{"start":{"line":232,"column":2},"end":{"line":234,"column":3}},{"start":{},"end":{}}],"line":232},"17":{"loc":{"start":{"line":239,"column":4},"end":{"line":243,"column":5}},"type":"if","locations":[{"start":{"line":239,"column":4},"end":{"line":243,"column":5}},{"start":{"line":241,"column":11},"end":{"line":243,"column":5}}],"line":239},"18":{"loc":{"start":{"line":239,"column":8},"end":{"line":239,"column":36}},"type":"binary-expr","locations":[{"start":{"line":239,"column":8},"end":{"line":239,"column":21}},{"start":{"line":239,"column":25},"end":{"line":239,"column":36}}],"line":239},"19":{"loc":{"start":{"line":246,"column":4},"end":{"line":248,"column":5}},"type":"if","locations":[{"start":{"line":246,"column":4},"end":{"line":248,"column":5}},{"start":{},"end":{}}],"line":246},"20":{"loc":{"start":{"line":256,"column":42},"end":{"line":256,"column":59}},"type":"default-arg","locations":[{"start":{"line":256,"column":54},"end":{"line":256,"column":59}}],"line":256},"21":{"loc":{"start":{"line":265,"column":2},"end":{"line":270,"column":3}},"type":"if","locations":[{"start":{"line":265,"column":2},"end":{"line":270,"column":3}},{"start":{},"end":{}}],"line":265},"22":{"loc":{"start":{"line":272,"column":2},"end":{"line":278,"column":3}},"type":"if","locations":[{"start":{"line":272,"column":2},"end":{"line":278,"column":3}},{"start":{},"end":{}}],"line":272},"23":{"loc":{"start":{"line":272,"column":6},"end":{"line":272,"column":42}},"type":"binary-expr","locations":[{"start":{"line":272,"column":6},"end":{"line":272,"column":25}},{"start":{"line":272,"column":29},"end":{"line":272,"column":42}}],"line":272},"24":{"loc":{"start":{"line":274,"column":4},"end":{"line":277,"column":5}},"type":"if","locations":[{"start":{"line":274,"column":4},"end":{"line":277,"column":5}},{"start":{},"end":{}}],"line":274},"25":{"loc":{"start":{"line":274,"column":8},"end":{"line":274,"column":31}},"type":"binary-expr","locations":[{"start":{"line":274,"column":8},"end":{"line":274,"column":14}},{"start":{"line":274,"column":18},"end":{"line":274,"column":31}}],"line":274},"26":{"loc":{"start":{"line":291,"column":6},"end":{"line":294,"column":7}},"type":"if","locations":[{"start":{"line":291,"column":6},"end":{"line":294,"column":7}},{"start":{},"end":{}}],"line":291},"27":{"loc":{"start":{"line":295,"column":6},"end":{"line":298,"column":7}},"type":"if","locations":[{"start":{"line":295,"column":6},"end":{"line":298,"column":7}},{"start":{},"end":{}}],"line":295},"28":{"loc":{"start":{"line":304,"column":6},"end":{"line":306,"column":7}},"type":"if","locations":[{"start":{"line":304,"column":6},"end":{"line":306,"column":7}},{"start":{},"end":{}}],"line":304},"29":{"loc":{"start":{"line":314,"column":12},"end":{"line":314,"column":61}},"type":"cond-expr","locations":[{"start":{"line":314,"column":20},"end":{"line":314,"column":38}},{"start":{"line":314,"column":41},"end":{"line":314,"column":61}}],"line":314},"30":{"loc":{"start":{"line":332,"column":8},"end":{"line":335,"column":9}},"type":"if","locations":[{"start":{"line":332,"column":8},"end":{"line":335,"column":9}},{"start":{},"end":{}}],"line":332},"31":{"loc":{"start":{"line":364,"column":6},"end":{"line":366,"column":7}},"type":"if","locations":[{"start":{"line":364,"column":6},"end":{"line":366,"column":7}},{"start":{},"end":{}}],"line":364},"32":{"loc":{"start":{"line":364,"column":10},"end":{"line":364,"column":57}},"type":"binary-expr","locations":[{"start":{"line":364,"column":10},"end":{"line":364,"column":32}},{"start":{"line":364,"column":36},"end":{"line":364,"column":46}},{"start":{"line":364,"column":50},"end":{"line":364,"column":57}}],"line":364},"33":{"loc":{"start":{"line":368,"column":21},"end":{"line":370,"column":35}},"type":"cond-expr","locations":[{"start":{"line":369,"column":10},"end":{"line":369,"column":33}},{"start":{"line":370,"column":10},"end":{"line":370,"column":35}}],"line":368},"34":{"loc":{"start":{"line":371,"column":22},"end":{"line":371,"column":41}},"type":"cond-expr","locations":[{"start":{"line":371,"column":32},"end":{"line":371,"column":35}},{"start":{"line":371,"column":38},"end":{"line":371,"column":41}}],"line":371},"35":{"loc":{"start":{"line":375,"column":8},"end":{"line":377,"column":9}},"type":"if","locations":[{"start":{"line":375,"column":8},"end":{"line":377,"column":9}},{"start":{},"end":{}}],"line":375},"36":{"loc":{"start":{"line":382,"column":6},"end":{"line":384,"column":7}},"type":"if","locations":[{"start":{"line":382,"column":6},"end":{"line":384,"column":7}},{"start":{},"end":{}}],"line":382}},"s":{"0":1,"1":1,"2":1,"3":1,"4":1,"5":1,"6":1,"7":1,"8":1,"9":1,"10":1,"11":1,"12":13,"13":12,"14":85,"15":85,"16":85,"17":4,"18":90,"19":90,"20":90,"21":12,"22":92,"23":92,"24":87,"25":4,"26":4,"27":27,"28":1,"29":26,"30":26,"31":26,"32":71,"33":71,"34":75,"35":75,"36":71,"37":71,"38":71,"39":71,"40":71,"41":71,"42":37,"43":37,"44":6,"45":1,"46":5,"47":5,"48":5,"49":5,"50":5,"51":0,"52":0,"53":26,"54":1,"55":1,"56":1,"57":25,"58":25,"59":25,"60":0,"61":0,"62":0,"63":0,"64":25,"65":25,"66":25,"67":12,"68":12,"69":12,"70":25,"71":2,"72":2,"73":2,"74":2,"75":2,"76":2,"77":2,"78":1,"79":25,"80":2,"81":2,"82":2,"83":2,"84":2,"85":0,"86":25,"87":25,"88":1,"89":4,"90":0,"91":4,"92":4,"93":4,"94":8,"95":4,"96":4,"97":4,"98":4,"99":4,"100":4,"101":6,"102":6,"103":6,"104":6,"105":1,"106":5,"107":5,"108":3,"109":2,"110":2,"111":4,"112":4,"113":3,"114":1,"115":4,"116":4,"117":0,"118":2,"119":2,"120":1,"121":10,"122":1,"123":1,"124":9,"125":1,"126":1,"127":1,"128":1,"129":8,"130":8,"131":8,"132":8,"133":8,"134":8,"135":8,"136":8,"137":8,"138":8,"139":4,"140":4,"141":8,"142":4,"143":4,"144":8,"145":8,"146":8,"147":8,"148":0,"149":8,"150":8,"151":8,"152":8,"153":8,"154":8,"155":8,"156":8,"157":8,"158":8,"159":8,"160":4,"161":4,"162":4,"163":4,"164":4,"165":4,"166":1,"167":1,"168":8,"169":2,"170":8,"171":1,"172":1,"173":1,"174":8,"175":2,"176":0,"177":2,"178":2,"179":2,"180":2,"181":2,"182":2,"183":8,"184":1,"185":0,"186":1,"187":1,"188":8,"189":1,"190":1,"191":1},"f":{"0":13,"1":12,"2":85,"3":90,"4":92,"5":87,"6":27,"7":71,"8":37,"9":6,"10":26,"11":1,"12":0,"13":12,"14":2,"15":1,"16":2,"17":0,"18":1,"19":4,"20":4,"21":8,"22":4,"23":6,"24":1,"25":10,"26":8,"27":8,"28":8,"29":4,"30":1,"31":2,"32":1,"33":2,"34":2,"35":1,"36":1},"b":{"0":[12,78],"1":[92,0],"2":[92,54],"3":[4,83],"4":[1,26],"5":[27,27,27,27],"6":[1,5],"7":[6,5],"8":[1,25],"9":[25,0],"10":[0,25],"11":[0,4],"12":[4,4],"13":[6,2],"14":[6,2],"15":[1,5],"16":[3,2],"17":[3,1],"18":[4,3],"19":[0,4],"20":[0],"21":[1,9],"22":[1,8],"23":[9,8],"24":[1,0],"25":[1,0],"26":[4,4],"27":[4,4],"28":[0,8],"29":[4,4],"30":[4,0],"31":[0,2],"32":[2,2,2],"33":[1,1],"34":[1,1],"35":[2,0],"36":[0,1]},"_coverageSchema":"1a1c01bbd47fc00a2c39e90264f33305004495a9","hash":"c5947d0646e2ec5b344f13f4697b61522881a07e"}
,"/Users/sashanesterchuk/prawko/mobile/src/features/ads/show-interstitial.ts": {"path":"/Users/sashanesterchuk/prawko/mobile/src/features/ads/show-interstitial.ts","statementMap":{"0":{"start":{"line":24,"column":43},"end":{"line":27,"column":10}},"1":{"start":{"line":47,"column":2},"end":{"line":60,"column":3}},"2":{"start":{"line":49,"column":6},"end":{"line":49,"column":27}},"3":{"start":{"line":51,"column":6},"end":{"line":51,"column":36}},"4":{"start":{"line":53,"column":6},"end":{"line":53,"column":33}},"5":{"start":{"line":55,"column":6},"end":{"line":55,"column":31}},"6":{"start":{"line":57,"column":6},"end":{"line":57,"column":26}},"7":{"start":{"line":59,"column":6},"end":{"line":59,"column":21}},"8":{"start":{"line":64,"column":2},"end":{"line":68,"column":5}},"9":{"start":{"line":69,"column":2},"end":{"line":72,"column":5}},"10":{"start":{"line":79,"column":2},"end":{"line":83,"column":5}},"11":{"start":{"line":84,"column":2},"end":{"line":87,"column":5}},"12":{"start":{"line":91,"column":2},"end":{"line":95,"column":5}},"13":{"start":{"line":96,"column":2},"end":{"line":99,"column":5}},"14":{"start":{"line":106,"column":18},"end":{"line":110,"column":3}},"15":{"start":{"line":111,"column":2},"end":{"line":111,"column":35}},"16":{"start":{"line":112,"column":2},"end":{"line":112,"column":48}},"17":{"start":{"line":116,"column":2},"end":{"line":116,"column":25}},"18":{"start":{"line":117,"column":2},"end":{"line":117,"column":27}},"19":{"start":{"line":119,"column":16},"end":{"line":119,"column":49}},"20":{"start":{"line":121,"column":2},"end":{"line":146,"column":3}},"21":{"start":{"line":123,"column":4},"end":{"line":123,"column":57}},"22":{"start":{"line":125,"column":23},"end":{"line":128,"column":6}},"23":{"start":{"line":130,"column":4},"end":{"line":142,"column":5}},"24":{"start":{"line":131,"column":22},"end":{"line":131,"column":55}},"25":{"start":{"line":132,"column":6},"end":{"line":141,"column":7}},"26":{"start":{"line":133,"column":8},"end":{"line":133,"column":47}},"27":{"start":{"line":134,"column":8},"end":{"line":134,"column":24}},"28":{"start":{"line":135,"column":8},"end":{"line":135,"column":33}},"29":{"start":{"line":136,"column":8},"end":{"line":139,"column":11}},"30":{"start":{"line":140,"column":8},"end":{"line":140,"column":20}},"31":{"start":{"line":144,"column":4},"end":{"line":144,"column":48}},"32":{"start":{"line":145,"column":4},"end":{"line":145,"column":17}},"33":{"start":{"line":148,"column":2},"end":{"line":148,"column":22}},"34":{"start":{"line":149,"column":2},"end":{"line":149,"column":18}},"35":{"start":{"line":150,"column":2},"end":{"line":150,"column":27}},"36":{"start":{"line":151,"column":2},"end":{"line":153,"column":5}},"37":{"start":{"line":154,"column":2},"end":{"line":154,"column":14}},"38":{"start":{"line":165,"column":21},"end":{"line":165,"column":37}},"39":{"start":{"line":167,"column":4},"end":{"line":167,"column":81}},"40":{"start":{"line":168,"column":17},"end":{"line":173,"column":4}},"41":{"start":{"line":175,"column":2},"end":{"line":181,"column":3}},"42":{"start":{"line":176,"column":4},"end":{"line":178,"column":5}},"43":{"start":{"line":177,"column":6},"end":{"line":177,"column":43}},"44":{"start":{"line":180,"column":4},"end":{"line":180,"column":17}},"45":{"start":{"line":183,"column":2},"end":{"line":186,"column":3}},"46":{"start":{"line":184,"column":4},"end":{"line":184,"column":38}},"47":{"start":{"line":185,"column":4},"end":{"line":185,"column":17}},"48":{"start":{"line":188,"column":2},"end":{"line":188,"column":40}},"49":{"start":{"line":190,"column":2},"end":{"line":201,"column":3}},"50":{"start":{"line":191,"column":4},"end":{"line":194,"column":5}},"51":{"start":{"line":192,"column":6},"end":{"line":192,"column":42}},"52":{"start":{"line":193,"column":6},"end":{"line":193,"column":19}},"53":{"start":{"line":196,"column":18},"end":{"line":196,"column":76}},"54":{"start":{"line":197,"column":4},"end":{"line":200,"column":5}},"55":{"start":{"line":198,"column":6},"end":{"line":198,"column":42}},"56":{"start":{"line":199,"column":6},"end":{"line":199,"column":19}},"57":{"start":{"line":203,"column":2},"end":{"line":203,"column":36}},"58":{"start":{"line":216,"column":18},"end":{"line":216,"column":49}},"59":{"start":{"line":217,"column":21},"end":{"line":217,"column":37}},"60":{"start":{"line":219,"column":4},"end":{"line":219,"column":81}},"61":{"start":{"line":220,"column":49},"end":{"line":224,"column":3}},"62":{"start":{"line":226,"column":2},"end":{"line":229,"column":3}},"63":{"start":{"line":227,"column":4},"end":{"line":227,"column":49}},"64":{"start":{"line":228,"column":4},"end":{"line":228,"column":17}},"65":{"start":{"line":231,"column":2},"end":{"line":234,"column":3}},"66":{"start":{"line":232,"column":4},"end":{"line":232,"column":48}},"67":{"start":{"line":233,"column":4},"end":{"line":233,"column":17}},"68":{"start":{"line":236,"column":2},"end":{"line":239,"column":3}},"69":{"start":{"line":237,"column":4},"end":{"line":237,"column":53}},"70":{"start":{"line":238,"column":4},"end":{"line":238,"column":17}},"71":{"start":{"line":241,"column":2},"end":{"line":244,"column":3}},"72":{"start":{"line":242,"column":4},"end":{"line":242,"column":51}},"73":{"start":{"line":243,"column":4},"end":{"line":243,"column":17}},"74":{"start":{"line":246,"column":2},"end":{"line":246,"column":50}},"75":{"start":{"line":248,"column":2},"end":{"line":254,"column":3}},"76":{"start":{"line":249,"column":18},"end":{"line":249,"column":76}},"77":{"start":{"line":250,"column":4},"end":{"line":253,"column":5}},"78":{"start":{"line":251,"column":6},"end":{"line":251,"column":52}},"79":{"start":{"line":252,"column":6},"end":{"line":252,"column":19}},"80":{"start":{"line":257,"column":2},"end":{"line":257,"column":25}},"81":{"start":{"line":258,"column":2},"end":{"line":258,"column":27}},"82":{"start":{"line":260,"column":16},"end":{"line":260,"column":49}},"83":{"start":{"line":263,"column":2},"end":{"line":289,"column":3}},"84":{"start":{"line":264,"column":4},"end":{"line":264,"column":67}},"85":{"start":{"line":266,"column":23},"end":{"line":269,"column":6}},"86":{"start":{"line":271,"column":4},"end":{"line":285,"column":5}},"87":{"start":{"line":272,"column":22},"end":{"line":272,"column":55}},"88":{"start":{"line":273,"column":6},"end":{"line":284,"column":7}},"89":{"start":{"line":274,"column":8},"end":{"line":276,"column":11}},"90":{"start":{"line":277,"column":8},"end":{"line":277,"column":24}},"91":{"start":{"line":278,"column":8},"end":{"line":278,"column":33}},"92":{"start":{"line":279,"column":8},"end":{"line":282,"column":11}},"93":{"start":{"line":283,"column":8},"end":{"line":283,"column":20}},"94":{"start":{"line":287,"column":4},"end":{"line":287,"column":58}},"95":{"start":{"line":288,"column":4},"end":{"line":288,"column":17}},"96":{"start":{"line":291,"column":2},"end":{"line":291,"column":32}},"97":{"start":{"line":292,"column":2},"end":{"line":292,"column":18}},"98":{"start":{"line":293,"column":2},"end":{"line":293,"column":27}},"99":{"start":{"line":294,"column":2},"end":{"line":296,"column":5}},"100":{"start":{"line":297,"column":2},"end":{"line":297,"column":14}},"101":{"start":{"line":304,"column":2},"end":{"line":314,"column":5}},"102":{"start":{"line":309,"column":4},"end":{"line":309,"column":59}},"103":{"start":{"line":310,"column":4},"end":{"line":313,"column":7}},"104":{"start":{"line":322,"column":20},"end":{"line":322,"column":34}},"105":{"start":{"line":323,"column":24},"end":{"line":323,"column":42}},"106":{"start":{"line":324,"column":19},"end":{"line":324,"column":32}},"107":{"start":{"line":326,"column":30},"end":{"line":332,"column":21}},"108":{"start":{"line":327,"column":4},"end":{"line":329,"column":5}},"109":{"start":{"line":328,"column":6},"end":{"line":328,"column":36}},"110":{"start":{"line":331,"column":4},"end":{"line":331,"column":83}},"111":{"start":{"line":331,"column":76},"end":{"line":331,"column":81}},"112":{"start":{"line":334,"column":37},"end":{"line":350,"column":3}},"113":{"start":{"line":341,"column":6},"end":{"line":348,"column":8}},"114":{"start":{"line":352,"column":2},"end":{"line":375,"column":4}},"115":{"start":{"line":362,"column":6},"end":{"line":367,"column":8}},"116":{"start":{"line":370,"column":6},"end":{"line":374,"column":8}},"117":{"start":{"line":379,"column":2},"end":{"line":384,"column":4}}},"fnMap":{"0":{"name":"getAdOpportunityType","decl":{"start":{"line":46,"column":9},"end":{"line":46,"column":29}},"loc":{"start":{"line":46,"column":62},"end":{"line":61,"column":1}},"line":46},"1":{"name":"trackAdOpportunity","decl":{"start":{"line":63,"column":9},"end":{"line":63,"column":27}},"loc":{"start":{"line":63,"column":79},"end":{"line":73,"column":1}},"line":63},"2":{"name":"trackAdSkipped","decl":{"start":{"line":75,"column":9},"end":{"line":75,"column":23}},"loc":{"start":{"line":78,"column":2},"end":{"line":88,"column":1}},"line":78},"3":{"name":"trackAdFailed","decl":{"start":{"line":90,"column":9},"end":{"line":90,"column":22}},"loc":{"start":{"line":90,"column":70},"end":{"line":100,"column":1}},"line":90},"4":{"name":"trackAdShown","decl":{"start":{"line":102,"column":9},"end":{"line":102,"column":21}},"loc":{"start":{"line":105,"column":2},"end":{"line":113,"column":1}},"line":105},"5":{"name":"presentInterstitial","decl":{"start":{"line":115,"column":15},"end":{"line":115,"column":34}},"loc":{"start":{"line":115,"column":83},"end":{"line":155,"column":1}},"line":115},"6":{"name":"showInterstitialIfAllowed","decl":{"start":{"line":162,"column":22},"end":{"line":162,"column":47}},"loc":{"start":{"line":164,"column":20},"end":{"line":204,"column":1}},"line":164},"7":{"name":"showInterstitialForUnlockGate","decl":{"start":{"line":211,"column":22},"end":{"line":211,"column":51}},"loc":{"start":{"line":215,"column":20},"end":{"line":298,"column":1}},"line":215},"8":{"name":"maybeShowInterstitial","decl":{"start":{"line":300,"column":16},"end":{"line":300,"column":37}},"loc":{"start":{"line":303,"column":2},"end":{"line":315,"column":1}},"line":303},"9":{"name":"(anonymous_9)","decl":{"start":{"line":308,"column":11},"end":{"line":308,"column":12}},"loc":{"start":{"line":308,"column":22},"end":{"line":314,"column":3}},"line":308},"10":{"name":"useAdInterstitialActions","decl":{"start":{"line":321,"column":16},"end":{"line":321,"column":40}},"loc":{"start":{"line":321,"column":43},"end":{"line":376,"column":1}},"line":321},"11":{"name":"(anonymous_11)","decl":{"start":{"line":326,"column":42},"end":{"line":326,"column":43}},"loc":{"start":{"line":326,"column":48},"end":{"line":332,"column":3}},"line":326},"12":{"name":"(anonymous_12)","decl":{"start":{"line":331,"column":70},"end":{"line":331,"column":71}},"loc":{"start":{"line":331,"column":76},"end":{"line":331,"column":81}},"line":331},"13":{"name":"(anonymous_13)","decl":{"start":{"line":335,"column":4},"end":{"line":335,"column":5}},"loc":{"start":{"line":341,"column":6},"end":{"line":348,"column":8}},"line":341},"14":{"name":"(anonymous_14)","decl":{"start":{"line":358,"column":27},"end":{"line":358,"column":28}},"loc":{"start":{"line":362,"column":6},"end":{"line":367,"column":8}},"line":362},"15":{"name":"(anonymous_15)","decl":{"start":{"line":369,"column":35},"end":{"line":369,"column":36}},"loc":{"start":{"line":370,"column":6},"end":{"line":374,"column":8}},"line":370},"16":{"name":"isAdRouteBlocked","decl":{"start":{"line":378,"column":16},"end":{"line":378,"column":32}},"loc":{"start":{"line":378,"column":51},"end":{"line":385,"column":1}},"line":378}},"branchMap":{"0":{"loc":{"start":{"line":47,"column":2},"end":{"line":60,"column":3}},"type":"switch","locations":[{"start":{"line":48,"column":4},"end":{"line":49,"column":27}},{"start":{"line":50,"column":4},"end":{"line":51,"column":36}},{"start":{"line":52,"column":4},"end":{"line":53,"column":33}},{"start":{"line":54,"column":4},"end":{"line":55,"column":31}},{"start":{"line":56,"column":4},"end":{"line":57,"column":26}},{"start":{"line":58,"column":4},"end":{"line":59,"column":21}}],"line":47},"1":{"loc":{"start":{"line":121,"column":2},"end":{"line":146,"column":3}},"type":"if","locations":[{"start":{"line":121,"column":2},"end":{"line":146,"column":3}},{"start":{},"end":{}}],"line":121},"2":{"loc":{"start":{"line":130,"column":4},"end":{"line":142,"column":5}},"type":"if","locations":[{"start":{"line":130,"column":4},"end":{"line":142,"column":5}},{"start":{},"end":{}}],"line":130},"3":{"loc":{"start":{"line":132,"column":6},"end":{"line":141,"column":7}},"type":"if","locations":[{"start":{"line":132,"column":6},"end":{"line":141,"column":7}},{"start":{},"end":{}}],"line":132},"4":{"loc":{"start":{"line":167,"column":4},"end":{"line":167,"column":81}},"type":"cond-expr","locations":[{"start":{"line":167,"column":41},"end":{"line":167,"column":73}},{"start":{"line":167,"column":76},"end":{"line":167,"column":81}}],"line":167},"5":{"loc":{"start":{"line":175,"column":2},"end":{"line":181,"column":3}},"type":"if","locations":[{"start":{"line":175,"column":2},"end":{"line":181,"column":3}},{"start":{},"end":{}}],"line":175},"6":{"loc":{"start":{"line":176,"column":4},"end":{"line":178,"column":5}},"type":"if","locations":[{"start":{"line":176,"column":4},"end":{"line":178,"column":5}},{"start":{},"end":{}}],"line":176},"7":{"loc":{"start":{"line":176,"column":8},"end":{"line":176,"column":62}},"type":"binary-expr","locations":[{"start":{"line":176,"column":8},"end":{"line":176,"column":21}},{"start":{"line":176,"column":25},"end":{"line":176,"column":62}}],"line":176},"8":{"loc":{"start":{"line":183,"column":2},"end":{"line":186,"column":3}},"type":"if","locations":[{"start":{"line":183,"column":2},"end":{"line":186,"column":3}},{"start":{},"end":{}}],"line":183},"9":{"loc":{"start":{"line":190,"column":2},"end":{"line":201,"column":3}},"type":"if","locations":[{"start":{"line":190,"column":2},"end":{"line":201,"column":3}},{"start":{},"end":{}}],"line":190},"10":{"loc":{"start":{"line":191,"column":4},"end":{"line":194,"column":5}},"type":"if","locations":[{"start":{"line":191,"column":4},"end":{"line":194,"column":5}},{"start":{},"end":{}}],"line":191},"11":{"loc":{"start":{"line":197,"column":4},"end":{"line":200,"column":5}},"type":"if","locations":[{"start":{"line":197,"column":4},"end":{"line":200,"column":5}},{"start":{},"end":{}}],"line":197},"12":{"loc":{"start":{"line":216,"column":18},"end":{"line":216,"column":49}},"type":"binary-expr","locations":[{"start":{"line":216,"column":18},"end":{"line":216,"column":31}},{"start":{"line":216,"column":35},"end":{"line":216,"column":49}}],"line":216},"13":{"loc":{"start":{"line":219,"column":4},"end":{"line":219,"column":81}},"type":"cond-expr","locations":[{"start":{"line":219,"column":41},"end":{"line":219,"column":73}},{"start":{"line":219,"column":76},"end":{"line":219,"column":81}}],"line":219},"14":{"loc":{"start":{"line":226,"column":2},"end":{"line":229,"column":3}},"type":"if","locations":[{"start":{"line":226,"column":2},"end":{"line":229,"column":3}},{"start":{},"end":{}}],"line":226},"15":{"loc":{"start":{"line":231,"column":2},"end":{"line":234,"column":3}},"type":"if","locations":[{"start":{"line":231,"column":2},"end":{"line":234,"column":3}},{"start":{},"end":{}}],"line":231},"16":{"loc":{"start":{"line":231,"column":6},"end":{"line":231,"column":45}},"type":"binary-expr","locations":[{"start":{"line":231,"column":6},"end":{"line":231,"column":17}},{"start":{"line":231,"column":21},"end":{"line":231,"column":45}}],"line":231},"17":{"loc":{"start":{"line":236,"column":2},"end":{"line":239,"column":3}},"type":"if","locations":[{"start":{"line":236,"column":2},"end":{"line":239,"column":3}},{"start":{},"end":{}}],"line":236},"18":{"loc":{"start":{"line":241,"column":2},"end":{"line":244,"column":3}},"type":"if","locations":[{"start":{"line":241,"column":2},"end":{"line":244,"column":3}},{"start":{},"end":{}}],"line":241},"19":{"loc":{"start":{"line":248,"column":2},"end":{"line":254,"column":3}},"type":"if","locations":[{"start":{"line":248,"column":2},"end":{"line":254,"column":3}},{"start":{},"end":{}}],"line":248},"20":{"loc":{"start":{"line":250,"column":4},"end":{"line":253,"column":5}},"type":"if","locations":[{"start":{"line":250,"column":4},"end":{"line":253,"column":5}},{"start":{},"end":{}}],"line":250},"21":{"loc":{"start":{"line":263,"column":2},"end":{"line":289,"column":3}},"type":"if","locations":[{"start":{"line":263,"column":2},"end":{"line":289,"column":3}},{"start":{},"end":{}}],"line":263},"22":{"loc":{"start":{"line":271,"column":4},"end":{"line":285,"column":5}},"type":"if","locations":[{"start":{"line":271,"column":4},"end":{"line":285,"column":5}},{"start":{},"end":{}}],"line":271},"23":{"loc":{"start":{"line":273,"column":6},"end":{"line":284,"column":7}},"type":"if","locations":[{"start":{"line":273,"column":6},"end":{"line":284,"column":7}},{"start":{},"end":{}}],"line":273},"24":{"loc":{"start":{"line":311,"column":15},"end":{"line":311,"column":71}},"type":"cond-expr","locations":[{"start":{"line":311,"column":40},"end":{"line":311,"column":53}},{"start":{"line":311,"column":56},"end":{"line":311,"column":71}}],"line":311},"25":{"loc":{"start":{"line":327,"column":4},"end":{"line":329,"column":5}},"type":"if","locations":[{"start":{"line":327,"column":4},"end":{"line":329,"column":5}},{"start":{},"end":{}}],"line":327},"26":{"loc":{"start":{"line":327,"column":8},"end":{"line":327,"column":42}},"type":"binary-expr","locations":[{"start":{"line":327,"column":8},"end":{"line":327,"column":21}},{"start":{"line":327,"column":25},"end":{"line":327,"column":42}}],"line":327},"27":{"loc":{"start":{"line":347,"column":21},"end":{"line":347,"column":49}},"type":"binary-expr","locations":[{"start":{"line":347,"column":21},"end":{"line":347,"column":41}},{"start":{"line":347,"column":45},"end":{"line":347,"column":49}}],"line":347},"28":{"loc":{"start":{"line":380,"column":4},"end":{"line":383,"column":38}},"type":"binary-expr","locations":[{"start":{"line":380,"column":4},"end":{"line":380,"column":33}},{"start":{"line":381,"column":4},"end":{"line":381,"column":46}},{"start":{"line":382,"column":4},"end":{"line":382,"column":40}},{"start":{"line":383,"column":4},"end":{"line":383,"column":38}}],"line":380}},"s":{"0":1,"1":37,"2":13,"3":2,"4":14,"5":4,"6":4,"7":0,"8":13,"9":13,"10":11,"11":11,"12":6,"13":6,"14":7,"15":7,"16":7,"17":6,"18":6,"19":6,"20":6,"21":2,"22":2,"23":2,"24":2,"25":2,"26":1,"27":1,"28":1,"29":1,"30":1,"31":1,"32":1,"33":4,"34":4,"35":4,"36":4,"37":4,"38":13,"39":13,"40":13,"41":13,"42":3,"43":2,"44":3,"45":10,"46":1,"47":1,"48":9,"49":9,"50":3,"51":2,"52":2,"53":1,"54":1,"55":1,"56":1,"57":6,"58":8,"59":8,"60":8,"61":8,"62":8,"63":1,"64":1,"65":7,"66":1,"67":1,"68":6,"69":1,"70":1,"71":5,"72":1,"73":1,"74":4,"75":4,"76":2,"77":2,"78":1,"79":1,"80":3,"81":3,"82":3,"83":3,"84":2,"85":2,"86":2,"87":1,"88":1,"89":1,"90":1,"91":1,"92":1,"93":1,"94":1,"95":1,"96":1,"97":1,"98":1,"99":1,"100":1,"101":1,"102":0,"103":0,"104":0,"105":0,"106":0,"107":0,"108":0,"109":0,"110":0,"111":0,"112":0,"113":0,"114":0,"115":0,"116":0,"117":9},"f":{"0":37,"1":13,"2":11,"3":6,"4":7,"5":6,"6":13,"7":8,"8":1,"9":0,"10":0,"11":0,"12":0,"13":0,"14":0,"15":0,"16":9},"b":{"0":[13,2,14,4,4,0],"1":[2,4],"2":[2,0],"3":[1,1],"4":[1,12],"5":[3,10],"6":[2,1],"7":[3,3],"8":[1,9],"9":[3,6],"10":[2,1],"11":[1,0],"12":[8,8],"13":[2,6],"14":[1,7],"15":[1,6],"16":[7,6],"17":[1,5],"18":[1,4],"19":[2,2],"20":[1,1],"21":[2,1],"22":[1,1],"23":[1,0],"24":[0,0],"25":[0,0],"26":[0,0],"27":[0,0],"28":[9,7,6,4]},"_coverageSchema":"1a1c01bbd47fc00a2c39e90264f33305004495a9","hash":"13a635bdb4586f8f01143abe9782c900a70552bd"}
}
