TN:
SF:src/features/ads/ad-session-policy.ts
FN:32,createFreshSessionState
FN:44,touchAdSessionActivity
FN:59,recordQuestionAnsweredForAds
FN:67,recordAdShown
FN:79,setExamSessionActive
FN:83,isExamSessionActive
FN:87,markAppBackgrounded
FN:92,clearAppBackgroundMark
FN:98,suppressAppResumeAds
FN:102,isAppResumeAdsSuppressed
FN:107,resetAdSessionStateForTests
FN:114,shouldShowInterstitialForTrigger
FNF:12
FNH:12
FNDA:15,createFreshSessionState
FNDA:46,touchAdSessionActivity
FNDA:24,recordQuestionAnsweredForAds
FNDA:16,recordAdShown
FNDA:2,setExamSessionActive
FNDA:1,isExamSessionActive
FNDA:2,markAppBackgrounded
FNDA:1,clearAppBackgroundMark
FNDA:1,suppressAppResumeAds
FNDA:3,isAppResumeAdsSuppressed
FNDA:12,resetAdSessionStateForTests
FNDA:23,shouldShowInterstitialForTrigger
DA:28,1
DA:29,1
DA:30,1
DA:33,15
DA:35,15
DA:45,46
DA:46,46
DA:48,46
DA:49,1
DA:50,1
DA:53,45
DA:60,24
DA:61,24
DA:68,16
DA:70,16
DA:80,2
DA:84,1
DA:88,2
DA:93,1
DA:96,1
DA:99,1
DA:103,3
DA:108,12
DA:109,12
DA:110,12
DA:111,12
DA:123,23
DA:124,1
DA:127,22
DA:128,1
DA:131,21
DA:132,1
DA:135,20
DA:137,20
DA:138,1
DA:141,19
DA:142,2
DA:145,17
DA:146,4
DA:148,4
DA:149,2
DA:153,15
DA:154,4
DA:158,3
DA:162,12
DA:163,3
DA:165,3
DA:169,2
DA:173,10
DA:174,4
DA:175,2
DA:178,2
DA:180,2
DA:181,1
DA:185,7
LF:55
LH:55
BRDA:48,0,0,1
BRDA:48,0,1,45
BRDA:98,1,0,0
BRDA:123,2,0,1
BRDA:123,2,1,22
BRDA:127,3,0,1
BRDA:127,3,1,21
BRDA:131,4,0,1
BRDA:131,4,1,20
BRDA:137,5,0,1
BRDA:137,5,1,19
BRDA:141,6,0,2
BRDA:141,6,1,17
BRDA:145,7,0,4
BRDA:145,7,1,13
BRDA:145,8,0,17
BRDA:145,8,1,14
BRDA:148,9,0,2
BRDA:148,9,1,2
BRDA:153,10,0,4
BRDA:153,10,1,11
BRDA:154,11,0,3
BRDA:154,11,1,1
BRDA:162,12,0,3
BRDA:162,12,1,9
BRDA:163,13,0,3
BRDA:163,13,1,0
BRDA:165,14,0,2
BRDA:165,14,1,1
BRDA:166,15,0,3
BRDA:166,15,1,2
BRDA:173,16,0,4
BRDA:173,16,1,6
BRDA:174,17,0,2
BRDA:174,17,1,2
BRDA:180,18,0,1
BRDA:180,18,1,1
BRF:37
BRH:35
end_of_record
TN:
SF:src/features/ads/admob-config.ts
FN:14,isAdMobEnabled
FN:18,getAdMobAppId
FN:30,getInterstitialAdUnitId
FNF:3
FNH:3
FNDA:2,isAdMobEnabled
FNDA:3,getAdMobAppId
FNDA:4,getInterstitialAdUnitId
DA:15,2
DA:19,3
DA:20,1
DA:23,2
DA:24,1
DA:27,1
DA:33,4
DA:37,4
DA:38,1
DA:41,3
DA:42,1
DA:45,2
DA:46,1
DA:49,1
LF:14
LH:14
BRDA:19,0,0,1
BRDA:19,0,1,2
BRDA:23,1,0,1
BRDA:23,1,1,1
BRDA:33,2,0,2
BRDA:33,2,1,2
BRDA:37,3,0,1
BRDA:37,3,1,3
BRDA:38,4,0,1
BRDA:38,4,1,0
BRDA:41,5,0,1
BRDA:41,5,1,2
BRDA:45,6,0,1
BRDA:45,6,1,1
BRF:14
BRH:13
end_of_record
TN:
SF:src/features/ads/interstitial-controller.ts
FN:28,isInterstitialLoaded
FN:32,isInterstitialShowing
FN:36,resolveLoadWaiters
FN:44,setLoaded
FN:53,logAd
FN:59,clearAutoRetry
FN:66,requestLoad
FN:80,resetInterstitialInstance
FN:100,resetInterstitialControllerForTests
FN:105,initializeAdMobSdk
FN:123,startInterstitialPreload
FN:126,(anonymous_11)
FN:136,(anonymous_12)
FN:146,(anonymous_13)
FN:154,(anonymous_14)
FN:163,(anonymous_15)
FN:170,(anonymous_16)
FN:175,(anonymous_17)
FN:186,stopInterstitialPreload
FN:190,waitForSingleLoad
FN:195,(anonymous_20)
FN:198,(anonymous_21)
FN:208,(anonymous_22)
FN:215,ensureInterstitialReady
FN:256,waitForInterstitialLoaded
FN:264,showPreloadedInterstitial
FN:282,(anonymous_26)
FN:290,(anonymous_27)
FN:303,(anonymous_28)
FN:329,(anonymous_29)
FN:336,(anonymous_30)
FN:347,(anonymous_31)
FN:354,(anonymous_32)
FN:363,(anonymous_33)
FN:374,(anonymous_34)
FN:381,(anonymous_35)
FN:392,(anonymous_36)
FNF:37
FNH:35
FNDA:13,isInterstitialLoaded
FNDA:12,isInterstitialShowing
FNDA:85,resolveLoadWaiters
FNDA:90,setLoaded
FNDA:92,logAd
FNDA:87,clearAutoRetry
FNDA:27,requestLoad
FNDA:71,resetInterstitialInstance
FNDA:37,resetInterstitialControllerForTests
FNDA:6,initializeAdMobSdk
FNDA:26,startInterstitialPreload
FNDA:1,(anonymous_11)
FNDA:0,(anonymous_12)
FNDA:12,(anonymous_13)
FNDA:2,(anonymous_14)
FNDA:1,(anonymous_15)
FNDA:2,(anonymous_16)
FNDA:0,(anonymous_17)
FNDA:1,stopInterstitialPreload
FNDA:4,waitForSingleLoad
FNDA:4,(anonymous_20)
FNDA:8,(anonymous_21)
FNDA:4,(anonymous_22)
FNDA:6,ensureInterstitialReady
FNDA:1,waitForInterstitialLoaded
FNDA:10,showPreloadedInterstitial
FNDA:8,(anonymous_26)
FNDA:8,(anonymous_27)
FNDA:8,(anonymous_28)
FNDA:4,(anonymous_29)
FNDA:1,(anonymous_30)
FNDA:2,(anonymous_31)
FNDA:1,(anonymous_32)
FNDA:2,(anonymous_33)
FNDA:2,(anonymous_34)
FNDA:1,(anonymous_35)
FNDA:1,(anonymous_36)
DA:11,1
DA:12,1
DA:13,1
DA:14,1
DA:15,1
DA:16,1
DA:17,1
DA:18,1
DA:21,1
DA:23,1
DA:25,1
DA:26,1
DA:29,13
DA:33,12
DA:37,85
DA:38,85
DA:39,85
DA:40,4
DA:45,90
DA:46,90
DA:48,90
DA:49,12
DA:54,92
DA:55,92
DA:60,87
DA:61,4
DA:62,4
DA:67,27
DA:68,1
DA:71,26
DA:72,26
DA:73,26
DA:81,71
DA:83,71
DA:84,75
DA:85,75
DA:91,71
DA:92,71
DA:93,71
DA:94,71
DA:95,71
DA:96,71
DA:101,37
DA:102,37
DA:106,6
DA:107,1
DA:110,5
DA:111,5
DA:114,5
DA:115,5
DA:116,5
DA:118,0
DA:119,0
DA:124,26
DA:125,1
DA:126,1
DA:129,25
DA:131,25
DA:133,25
DA:134,0
DA:135,0
DA:136,0
DA:139,25
DA:141,25
DA:145,25
DA:147,12
DA:148,12
DA:149,12
DA:153,25
DA:155,2
DA:156,2
DA:157,2
DA:158,2
DA:159,2
DA:162,2
DA:163,2
DA:164,1
DA:169,25
DA:171,2
DA:172,2
DA:173,2
DA:174,2
DA:175,2
DA:176,0
DA:181,25
DA:183,25
DA:187,1
DA:191,4
DA:192,0
DA:195,4
DA:196,4
DA:198,4
DA:199,8
DA:200,4
DA:203,4
DA:204,4
DA:207,4
DA:208,4
DA:219,6
DA:220,6
DA:221,6
DA:226,6
DA:227,1
DA:230,5
DA:232,5
DA:233,3
DA:236,2
DA:237,4
DA:239,4
DA:240,3
DA:242,1
DA:245,4
DA:246,4
DA:247,0
DA:251,2
DA:252,2
DA:257,1
DA:265,10
DA:268,1
DA:269,1
DA:272,9
DA:273,1
DA:274,1
DA:275,1
DA:276,1
DA:280,8
DA:282,8
DA:283,8
DA:284,8
DA:285,8
DA:286,8
DA:287,8
DA:288,8
DA:290,8
DA:291,8
DA:292,4
DA:293,4
DA:295,8
DA:296,4
DA:297,4
DA:299,8
DA:300,8
DA:303,8
DA:304,8
DA:305,0
DA:308,8
DA:309,8
DA:310,8
DA:311,8
DA:312,8
DA:313,8
DA:314,8
DA:321,8
DA:322,8
DA:324,8
DA:327,8
DA:330,4
DA:331,4
DA:332,4
DA:333,4
DA:334,4
DA:336,4
DA:337,1
DA:340,1
DA:345,8
DA:348,2
DA:352,8
DA:355,1
DA:356,1
DA:357,1
DA:363,8
DA:364,2
DA:365,0
DA:368,2
DA:371,2
DA:373,2
DA:374,2
DA:375,2
DA:376,2
DA:381,8
DA:382,1
DA:383,0
DA:386,1
DA:389,1
DA:392,8
DA:393,1
DA:394,1
DA:395,1
LF:188
LH:177
BRDA:48,0,0,12
BRDA:48,0,1,78
BRDA:54,1,0,92
BRDA:54,1,1,0
BRDA:55,2,0,92
BRDA:55,2,1,54
BRDA:60,3,0,4
BRDA:60,3,1,83
BRDA:67,4,0,1
BRDA:67,4,1,26
BRDA:67,5,0,27
BRDA:67,5,1,27
BRDA:67,5,2,27
BRDA:67,5,3,27
BRDA:106,6,0,1
BRDA:106,6,1,5
BRDA:106,7,0,6
BRDA:106,7,1,5
BRDA:124,8,0,1
BRDA:124,8,1,25
BRDA:131,9,0,25
BRDA:131,9,1,0
BRDA:133,10,0,0
BRDA:133,10,1,25
BRDA:191,11,0,0
BRDA:191,11,1,4
BRDA:199,12,0,4
BRDA:199,12,1,4
BRDA:219,13,0,6
BRDA:219,13,1,2
BRDA:220,14,0,6
BRDA:220,14,1,2
BRDA:226,15,0,1
BRDA:226,15,1,5
BRDA:232,16,0,3
BRDA:232,16,1,2
BRDA:239,17,0,3
BRDA:239,17,1,1
BRDA:239,18,0,4
BRDA:239,18,1,3
BRDA:246,19,0,0
BRDA:246,19,1,4
BRDA:256,20,0,0
BRDA:265,21,0,1
BRDA:265,21,1,9
BRDA:272,22,0,1
BRDA:272,22,1,8
BRDA:272,23,0,9
BRDA:272,23,1,8
BRDA:274,24,0,1
BRDA:274,24,1,0
BRDA:274,25,0,1
BRDA:274,25,1,0
BRDA:291,26,0,4
BRDA:291,26,1,4
BRDA:295,27,0,4
BRDA:295,27,1,4
BRDA:304,28,0,0
BRDA:304,28,1,8
BRDA:314,29,0,4
BRDA:314,29,1,4
BRDA:332,30,0,4
BRDA:332,30,1,0
BRDA:364,31,0,0
BRDA:364,31,1,2
BRDA:364,32,0,2
BRDA:364,32,1,2
BRDA:364,32,2,2
BRDA:368,33,0,1
BRDA:368,33,1,1
BRDA:371,34,0,1
BRDA:371,34,1,1
BRDA:375,35,0,2
BRDA:375,35,1,0
BRDA:382,36,0,0
BRDA:382,36,1,1
BRF:76
BRH:63
end_of_record
TN:
SF:src/features/ads/show-interstitial.ts
FN:46,getAdOpportunityType
FN:63,trackAdOpportunity
FN:75,trackAdSkipped
FN:90,trackAdFailed
FN:102,trackAdShown
FN:115,presentInterstitial
FN:162,showInterstitialIfAllowed
FN:211,showInterstitialForUnlockGate
FN:300,maybeShowInterstitial
FN:308,(anonymous_9)
FN:321,useAdInterstitialActions
FN:326,(anonymous_11)
FN:331,(anonymous_12)
FN:335,(anonymous_13)
FN:358,(anonymous_14)
FN:369,(anonymous_15)
FN:378,isAdRouteBlocked
FNF:17
FNH:10
FNDA:37,getAdOpportunityType
FNDA:13,trackAdOpportunity
FNDA:11,trackAdSkipped
FNDA:6,trackAdFailed
FNDA:7,trackAdShown
FNDA:6,presentInterstitial
FNDA:13,showInterstitialIfAllowed
FNDA:8,showInterstitialForUnlockGate
FNDA:1,maybeShowInterstitial
FNDA:0,(anonymous_9)
FNDA:0,useAdInterstitialActions
FNDA:0,(anonymous_11)
FNDA:0,(anonymous_12)
FNDA:0,(anonymous_13)
FNDA:0,(anonymous_14)
FNDA:0,(anonymous_15)
FNDA:9,isAdRouteBlocked
DA:24,1
DA:47,37
DA:49,13
DA:51,2
DA:53,14
DA:55,4
DA:57,4
DA:59,0
DA:64,13
DA:69,13
DA:79,11
DA:84,11
DA:91,6
DA:96,6
DA:106,7
DA:111,7
DA:112,7
DA:116,6
DA:117,6
DA:119,6
DA:121,6
DA:123,2
DA:125,2
DA:130,2
DA:131,2
DA:132,2
DA:133,1
DA:134,1
DA:135,1
DA:136,1
DA:140,1
DA:144,1
DA:145,1
DA:148,4
DA:149,4
DA:150,4
DA:151,4
DA:154,4
DA:165,13
DA:167,13
DA:168,13
DA:175,13
DA:176,3
DA:177,2
DA:180,3
DA:183,10
DA:184,1
DA:185,1
DA:188,9
DA:190,9
DA:191,3
DA:192,2
DA:193,2
DA:196,1
DA:197,1
DA:198,1
DA:199,1
DA:203,6
DA:216,8
DA:217,8
DA:219,8
DA:220,8
DA:226,8
DA:227,1
DA:228,1
DA:231,7
DA:232,1
DA:233,1
DA:236,6
DA:237,1
DA:238,1
DA:241,5
DA:242,1
DA:243,1
DA:246,4
DA:248,4
DA:249,2
DA:250,2
DA:251,1
DA:252,1
DA:257,3
DA:258,3
DA:260,3
DA:263,3
DA:264,2
DA:266,2
DA:271,2
DA:272,1
DA:273,1
DA:274,1
DA:277,1
DA:278,1
DA:279,1
DA:283,1
DA:287,1
DA:288,1
DA:291,1
DA:292,1
DA:293,1
DA:294,1
DA:297,1
DA:304,1
DA:309,0
DA:310,0
DA:322,0
DA:323,0
DA:324,0
DA:326,0
DA:327,0
DA:328,0
DA:331,0
DA:334,0
DA:341,0
DA:352,0
DA:362,0
DA:370,0
DA:379,9
LF:117
LH:102
BRDA:47,0,0,13
BRDA:47,0,1,2
BRDA:47,0,2,14
BRDA:47,0,3,4
BRDA:47,0,4,4
BRDA:47,0,5,0
BRDA:121,1,0,2
BRDA:121,1,1,4
BRDA:130,2,0,2
BRDA:130,2,1,0
BRDA:132,3,0,1
BRDA:132,3,1,1
BRDA:167,4,0,1
BRDA:167,4,1,12
BRDA:175,5,0,3
BRDA:175,5,1,10
BRDA:176,6,0,2
BRDA:176,6,1,1
BRDA:176,7,0,3
BRDA:176,7,1,3
BRDA:183,8,0,1
BRDA:183,8,1,9
BRDA:190,9,0,3
BRDA:190,9,1,6
BRDA:191,10,0,2
BRDA:191,10,1,1
BRDA:197,11,0,1
BRDA:197,11,1,0
BRDA:216,12,0,8
BRDA:216,12,1,8
BRDA:219,13,0,2
BRDA:219,13,1,6
BRDA:226,14,0,1
BRDA:226,14,1,7
BRDA:231,15,0,1
BRDA:231,15,1,6
BRDA:231,16,0,7
BRDA:231,16,1,6
BRDA:236,17,0,1
BRDA:236,17,1,5
BRDA:241,18,0,1
BRDA:241,18,1,4
BRDA:248,19,0,2
BRDA:248,19,1,2
BRDA:250,20,0,1
BRDA:250,20,1,1
BRDA:263,21,0,2
BRDA:263,21,1,1
BRDA:271,22,0,1
BRDA:271,22,1,1
BRDA:273,23,0,1
BRDA:273,23,1,0
BRDA:311,24,0,0
BRDA:311,24,1,0
BRDA:327,25,0,0
BRDA:327,25,1,0
BRDA:327,26,0,0
BRDA:327,26,1,0
BRDA:347,27,0,0
BRDA:347,27,1,0
BRDA:380,28,0,9
BRDA:380,28,1,7
BRDA:380,28,2,6
BRDA:380,28,3,4
BRF:64
BRH:52
end_of_record
